"MetalRentals",29,""
"jproject_classpath",8,"endur_scripts/jproject.classpath"
"endur_scripts/EndurConnectorWrapper.java",7,"MetalRentals.com.matthey.pmm.metal.rentals.scripts.EndurConnectorWrapper",0
"endur_scripts/AccountBalancesDataSource.java",7,"MetalRentals.com.matthey.pmm.metal.rentals.scripts.AccountBalancesDataSource",0
"endur_scripts/AccountsDataSource.java",7,"MetalRentals.com.matthey.pmm.metal.rentals.scripts.AccountsDataSource",0
"endur_scripts/ClosingPricesDataSource.java",7,"MetalRentals.com.matthey.pmm.metal.rentals.scripts.ClosingPricesDataSource",0
"endur_scripts/FeePortfoliosDataSource.java",7,"MetalRentals.com.matthey.pmm.metal.rentals.scripts.FeePortfoliosDataSource",0
"endur_scripts/PartyContactsDataSource.java",7,"MetalRentals.com.matthey.pmm.metal.rentals.scripts.PartyContactsDataSource",0
"endur_scripts/CashDealBooker1.java",7,"MetalRentals.com.matthey.pmm.metal.rentals.scripts.CashDealBooker1",0
"endur_scripts/CashDealBooker2.java",7,"MetalRentals.com.matthey.pmm.metal.rentals.scripts.CashDealBooker2",0
"endur_scripts/CashDealBooker3.java",7,"MetalRentals.com.matthey.pmm.metal.rentals.scripts.CashDealBooker3",0
"endur_scripts/CashDealBooker4.java",7,"MetalRentals.com.matthey.pmm.metal.rentals.scripts.CashDealBooker4",0
"endur_scripts/CashDealBooker5.java",7,"MetalRentals.com.matthey.pmm.metal.rentals.scripts.CashDealBooker5",0
"endur_scripts/CashDealBooker6.java",7,"MetalRentals.com.matthey.pmm.metal.rentals.scripts.CashDealBooker6",0
"endur_scripts/CashDealBooker7.java",7,"MetalRentals.com.matthey.pmm.metal.rentals.scripts.CashDealBooker7",0
"endur_scripts/CashDealBooker8.java",7,"MetalRentals.com.matthey.pmm.metal.rentals.scripts.CashDealBooker8",0
"endur_scripts/CashDealBooker9.java",7,"MetalRentals.com.matthey.pmm.metal.rentals.scripts.CashDealBooker9",0
"endur_scripts/InvoiceCreatorCN.java",7,"MetalRentals.com.matthey.pmm.metal.rentals.scripts.InvoiceCreatorCN",0
"endur_scripts/InvoiceCreatorHK.java",7,"MetalRentals.com.matthey.pmm.metal.rentals.scripts.InvoiceCreatorHK",0
"endur_scripts/InvoiceCreatorUK.java",7,"MetalRentals.com.matthey.pmm.metal.rentals.scripts.InvoiceCreatorUK",0
"endur_scripts/InvoiceCreatorUS.java",7,"MetalRentals.com.matthey.pmm.metal.rentals.scripts.InvoiceCreatorUS",0
"endur_scripts/CashDealCanceller.java",7,"MetalRentals.com.matthey.pmm.metal.rentals.scripts.CashDealCanceller",0
"endur_scripts/InterestRatesUpdater.java",7,"MetalRentals.com.matthey.pmm.metal.rentals.scripts.InterestRatesUpdater",0
