"AdvancedPricingReporting",29,""
"jproject_classpath",8,"AdvancedPricingReporting/jproject.classpath"
"AdvancedPricingReporting/src/com/olf/jm/advancedPricingReporting/AdvancedPricingReporting.java",7,"AdvancedPricingReporting.com.olf.jm.advancedPricingReporting.AdvancedPricingReporting"
"AdvancedPricingReporting/src/com/olf/jm/advancedPricingReporting/items/SectionItem.java",7,"AdvancedPricingReporting.com.olf.jm.advancedPricingReporting.items.SectionItem"
"AdvancedPricingReporting/src/com/olf/jm/advancedPricingReporting/sections/ReportSectionBase.java",7,"AdvancedPricingReporting.com.olf.jm.advancedPricingReporting.sections.ReportSectionBase"
"AdvancedPricingReporting/src/com/olf/jm/advancedPricingReporting/reports/ReportParameters.java",7,"AdvancedPricingReporting.com.olf.jm.advancedPricingReporting.reports.ReportParameters"
"AdvancedPricingReporting/src/com/olf/jm/advancedPricingReporting/reports/Report.java",7,"AdvancedPricingReporting.com.olf.jm.advancedPricingReporting.reports.Report"
"AdvancedPricingReporting/src/com/olf/jm/advancedPricingReporting/sections/ReportSection.java",7,"AdvancedPricingReporting.com.olf.jm.advancedPricingReporting.sections.ReportSection"
"AdvancedPricingReporting/src/com/olf/jm/advancedPricingReporting/items/PartyAddress.java",7,"AdvancedPricingReporting.com.olf.jm.advancedPricingReporting.items.PartyAddress"
"AdvancedPricingReporting/src/com/olf/jm/advancedPricingReporting/items/MetalPricesForToday.java",7,"AdvancedPricingReporting.com.olf.jm.advancedPricingReporting.items.MetalPricesForToday"
"AdvancedPricingReporting/src/com/olf/jm/advancedPricingReporting/items/ItemBase.java",7,"AdvancedPricingReporting.com.olf.jm.advancedPricingReporting.items.ItemBase"
"AdvancedPricingReporting/src/com/olf/jm/advancedPricingReporting/items/ApDispatchedDeals.java",7,"AdvancedPricingReporting.com.olf.jm.advancedPricingReporting.items.ApDispatchedDeals"
"AdvancedPricingReporting/src/com/olf/jm/advancedPricingReporting/util/PriceFactory.java",7,"AdvancedPricingReporting.com.olf.jm.advancedPricingReporting.util.PriceFactory"
"AdvancedPricingReporting/src/com/olf/jm/advancedPricingReporting/items/tables/EnumDispatchDealData.java",7,"AdvancedPricingReporting.com.olf.jm.advancedPricingReporting.items.tables.EnumDispatchDealData"
"AdvancedPricingReporting/src/com/olf/jm/advancedPricingReporting/items/tables/EnumDispatchDealSection.java",7,"AdvancedPricingReporting.com.olf.jm.advancedPricingReporting.items.tables.EnumDispatchDealSection"
"AdvancedPricingReporting/src/com/olf/jm/advancedPricingReporting/items/tables/TableColumn.java",7,"AdvancedPricingReporting.com.olf.jm.advancedPricingReporting.items.tables.TableColumn"
"AdvancedPricingReporting/src/com/olf/jm/advancedPricingReporting/items/tables/TableColumnHelper.java",7,"AdvancedPricingReporting.com.olf.jm.advancedPricingReporting.items.tables.TableColumnHelper"
"AdvancedPricingReporting/src/com/olf/jm/advancedPricingReporting/reports/ApDpReportParameters.java",7,"AdvancedPricingReporting.com.olf.jm.advancedPricingReporting.reports.ApDpReportParameters"
"AdvancedPricingReporting/src/com/olf/jm/advancedPricingReporting/items/tables/EnumDeferredPricingSection.java",7,"AdvancedPricingReporting.com.olf.jm.advancedPricingReporting.items.tables.EnumDeferredPricingSection"
"AdvancedPricingReporting/src/com/olf/jm/advancedPricingReporting/sections/ReportHeader.java",7,"AdvancedPricingReporting.com.olf.jm.advancedPricingReporting.sections.ReportHeader"
"AdvancedPricingReporting/src/com/olf/jm/advancedPricingReporting/reports/ApDpReport.java",7,"AdvancedPricingReporting.com.olf.jm.advancedPricingReporting.reports.ApDpReport"
"AdvancedPricingReporting/src/com/olf/jm/advancedPricingReporting/items/tables/EnumDeferredPricingData.java",7,"AdvancedPricingReporting.com.olf.jm.advancedPricingReporting.items.tables.EnumDeferredPricingData"
"AdvancedPricingReporting/src/com/olf/jm/advancedPricingReporting/items/tables/EnumFxDealSection.java",7,"AdvancedPricingReporting.com.olf.jm.advancedPricingReporting.items.tables.EnumFxDealSection"
"AdvancedPricingReporting/src/com/olf/jm/advancedPricingReporting/items/ApBuySellFxDeals.java",7,"AdvancedPricingReporting.com.olf.jm.advancedPricingReporting.items.ApBuySellFxDeals"
"AdvancedPricingReporting/src/com/olf/jm/advancedPricingReporting/items/tables/EnumFxDealData.java",7,"AdvancedPricingReporting.com.olf.jm.advancedPricingReporting.items.tables.EnumFxDealData"
"AdvancedPricingReporting/src/com/olf/jm/advancedPricingReporting/sections/ApDispatchDealSection.java",7,"AdvancedPricingReporting.com.olf.jm.advancedPricingReporting.sections.ApDispatchDealSection"
"AdvancedPricingReporting/src/com/olf/jm/advancedPricingReporting/sections/ApBuySellFxDealSection.java",7,"AdvancedPricingReporting.com.olf.jm.advancedPricingReporting.sections.ApBuySellFxDealSection"
"AdvancedPricingReporting/src/com/olf/jm/advancedPricingReporting/AdvancedPricingReportParam.java",7,"AdvancedPricingReporting.com.olf.jm.advancedPricingReporting.AdvancedPricingReportParam"
"AdvancedPricingReporting/src/com/olf/jm/advancedPricingReporting/items/tables/EnumArgumentTable.java",7,"AdvancedPricingReporting.com.olf.jm.advancedPricingReporting.items.tables.EnumArgumentTable"
"AdvancedPricingReporting/src/com/olf/jm/advancedPricingReporting/items/tables/EnumArgumentTableBuList.java",7,"AdvancedPricingReporting.com.olf.jm.advancedPricingReporting.items.tables.EnumArgumentTableBuList"
"AdvancedPricingReporting/src/com/olf/jm/advancedPricingReporting/items/DollarBalance.java",7,"AdvancedPricingReporting.com.olf.jm.advancedPricingReporting.items.DollarBalance"
"AdvancedPricingReporting/src/com/olf/jm/advancedPricingReporting/items/DepositHKD.java",7,"AdvancedPricingReporting.com.olf.jm.advancedPricingReporting.items.DepositHKD"
"AdvancedPricingReporting/src/com/olf/jm/advancedPricingReporting/sections/TotalMarginFinalBalanceSection.java",7,"AdvancedPricingReporting.com.olf.jm.advancedPricingReporting.sections.TotalMarginFinalBalanceSection"
"AdvancedPricingReporting/src/com/olf/jm/advancedPricingReporting/items/TodaysBalance.java",7,"AdvancedPricingReporting.com.olf.jm.advancedPricingReporting.items.TodaysBalance"
"AdvancedPricingReporting/src/com/olf/jm/advancedPricingReporting/items/Difference.java",7,"AdvancedPricingReporting.com.olf.jm.advancedPricingReporting.items.Difference"
"AdvancedPricingReporting/src/com/olf/jm/advancedPricingReporting/items/TotalMargin.java",7,"AdvancedPricingReporting.com.olf.jm.advancedPricingReporting.items.TotalMargin"
"AdvancedPricingReporting/src/com/olf/jm/advancedPricingReporting/items/tables/EnumUserJmApDpBalances.java",7,"AdvancedPricingReporting.com.olf.jm.advancedPricingReporting.items.tables.EnumUserJmApDpBalances"
"AdvancedPricingReporting/src/com/olf/jm/advancedPricingReporting/items/DepositUSDFromCashTrans.java",7,"AdvancedPricingReporting.com.olf.jm.advancedPricingReporting.items.DepositUSDFromCashTrans"
"AdvancedPricingReporting/src/com/olf/jm/advancedPricingReporting/items/DepositUSDFromReport.java",7,"AdvancedPricingReporting.com.olf.jm.advancedPricingReporting.items.DepositUSDFromReport"
"AdvancedPricingReporting/src/com/olf/jm/advancedPricingReporting/items/CollectedDPMetal.java",7,"AdvancedPricingReporting.com.olf.jm.advancedPricingReporting.items.CollectedDPMetal"
"AdvancedPricingReporting/src/com/olf/jm/advancedPricingReporting/items/CollectedAPMetal.java",7,"AdvancedPricingReporting.com.olf.jm.advancedPricingReporting.items.CollectedAPMetal"
"AdvancedPricingReporting/src/com/olf/jm/advancedPricingReporting/items/tables/EnumFinalBalanceSection.java",7,"AdvancedPricingReporting.com.olf.jm.advancedPricingReporting.items.tables.EnumFinalBalanceSection"
"AdvancedPricingReporting/src/com/olf/jm/advancedPricingReporting/items/DeferredPricingDeals.java",7,"AdvancedPricingReporting.com.olf.jm.advancedPricingReporting.items.DeferredPricingDeals"
"AdvancedPricingReporting/src/com/olf/jm/advancedPricingReporting/items/DeferredPricingShort.java",7,"AdvancedPricingReporting.com.olf.jm.advancedPricingReporting.items.DeferredPricingShort"
"AdvancedPricingReporting/src/com/olf/jm/advancedPricingReporting/items/DPMetalName.java",7,"AdvancedPricingReporting.com.olf.jm.advancedPricingReporting.items.DPMetalName"
"AdvancedPricingReporting/src/com/olf/jm/advancedPricingReporting/items/APMetalName.java",7,"AdvancedPricingReporting.com.olf.jm.advancedPricingReporting.items.APMetalName"
"AdvancedPricingReporting/src/com/olf/jm/advancedPricingReporting/output/DmsParameters.java",7,"AdvancedPricingReporting.com.olf.jm.advancedPricingReporting.output.DmsParameters"
"AdvancedPricingReporting/src/com/olf/jm/advancedPricingReporting/sections/DeferredPricingSection.java",7,"AdvancedPricingReporting.com.olf.jm.advancedPricingReporting.sections.DeferredPricingSection"
"AdvancedPricingReporting/src/com/olf/jm/advancedPricingReporting/output/ReportWriterParameters.java",7,"AdvancedPricingReporting.com.olf.jm.advancedPricingReporting.output.ReportWriterParameters"
"AdvancedPricingReporting/src/com/olf/jm/advancedPricingReporting/output/DmsReportWriter.java",7,"AdvancedPricingReporting.com.olf.jm.advancedPricingReporting.output.DmsReportWriter"
"AdvancedPricingReporting/src/com/olf/jm/advancedPricingReporting/output/ReportWriter.java",7,"AdvancedPricingReporting.com.olf.jm.advancedPricingReporting.output.ReportWriter"
"AdvancedPricingReporting/src/com/olf/jm/advancedPricingReporting/AdvancedPricingReportOutput.java",7,"AdvancedPricingReporting.com.olf.jm.advancedPricingReporting.AdvancedPricingReportOutput"
"AdvancedPricingReporting/src/com/olf/jm/advancedPricingReporting/items/Tier1Margin.java",7,"AdvancedPricingReporting.com.olf.jm.advancedPricingReporting.items.Tier1Margin"
"AdvancedPricingReporting/src/com/olf/jm/advancedPricingReporting/util/MarginFactory.java",7,"AdvancedPricingReporting.com.olf.jm.advancedPricingReporting.util.MarginFactory"
"AdvancedPricingReporting/src/com/olf/jm/advancedPricingReporting/items/Tier2Margin.java",7,"AdvancedPricingReporting.com.olf.jm.advancedPricingReporting.items.Tier2Margin"
"AdvancedPricingReporting/src/com/olf/jm/advancedPricingReporting/sections/ApDpDailySummarySection.java",7,"AdvancedPricingReporting.com.olf.jm.advancedPricingReporting.sections.ApDpDailySummarySection"
"AdvancedPricingReporting/src/com/olf/jm/advancedPricingReporting/ApDpDailySummaryReporting.java",7,"AdvancedPricingReporting.com.olf.jm.advancedPricingReporting.ApDpDailySummaryReporting"
"AdvancedPricingReporting/src/com/olf/jm/advancedPricingReporting/reports/DailySummaryReport.java",7,"AdvancedPricingReporting.com.olf.jm.advancedPricingReporting.reports.DailySummaryReport"
"AdvancedPricingReporting/src/com/olf/jm/advancedPricingReporting/items/DpDailySummary.java",7,"AdvancedPricingReporting.com.olf.jm.advancedPricingReporting.items.DpDailySummary"
"AdvancedPricingReporting/src/com/olf/jm/advancedPricingReporting/items/EndCashBalanceDailySummary.java",7,"AdvancedPricingReporting.com.olf.jm.advancedPricingReporting.items.EndCashBalanceDailySummary"
"AdvancedPricingReporting/src/com/olf/jm/advancedPricingReporting/reports/ReportBase.java",7,"AdvancedPricingReporting.com.olf.jm.advancedPricingReporting.reports.ReportBase"
"AdvancedPricingReporting/src/com/olf/jm/advancedPricingReporting/items/ApDailySummary.java",7,"AdvancedPricingReporting.com.olf.jm.advancedPricingReporting.items.ApDailySummary"
"AdvancedPricingReporting/src/com/olf/jm/advancedPricingReporting/items/tables/EnumDailySummarySection.java",7,"AdvancedPricingReporting.com.olf.jm.advancedPricingReporting.items.tables.EnumDailySummarySection"
"AdvancedPricingReporting/src/com/olf/jm/advancedPricingReporting/items/DailySummaryCustomers.java",7,"AdvancedPricingReporting.com.olf.jm.advancedPricingReporting.items.DailySummaryCustomers"
"AdvancedPricingReporting/src/com/olf/jm/advancedPricingReporting/items/JmHkDailySummaryTotals.java",7,"AdvancedPricingReporting.com.olf.jm.advancedPricingReporting.items.JmHkDailySummaryTotals"
"AdvancedPricingReporting/src/com/olf/jm/advancedPricingReporting/items/ApprovedTradeLimit.java",7,"AdvancedPricingReporting.com.olf.jm.advancedPricingReporting.items.ApprovedTradeLimit"
"AdvancedPricingReporting/src/com/olf/jm/advancedPricingReporting/ApDpDailySummaryReportParam.java",7,"AdvancedPricingReporting.com.olf.jm.advancedPricingReporting.ApDpDailySummaryReportParam"
"AdvancedPricingReporting/src/com/olf/jm/advancedPricingReporting/ApDpDailySummaryReportOutput.java",7,"AdvancedPricingReporting.com.olf.jm.advancedPricingReporting.ApDpDailySummaryReportOutput"
"AdvancedPricingReporting/src/com/olf/jm/advancedPricingReporting/items/tables/EnumFormatType.java",7,"AdvancedPricingReporting.com.olf.jm.advancedPricingReporting.items.tables.EnumFormatType"
"AdvancedPricingReporting/src/com/olf/jm/advancedPricingReporting/items/tables/EnumDeferredPriceShortSection.java",7,"AdvancedPricingReporting.com.olf.jm.advancedPricingReporting.items.tables.EnumDeferredPriceShortSection"
"AdvancedPricingReporting/src/com/olf/jm/advancedPricingReporting/util/MathUtils.java",7,"AdvancedPricingReporting.com.olf.jm.advancedPricingReporting.util.MathUtils"
"AdvancedPricingReporting/src/com/olf/jm/advancedPricingReporting/items/SquaredMetalPosition.java",7,"AdvancedPricingReporting.com.olf.jm.advancedPricingReporting.items.SquaredMetalPosition"
"AdvancedPricingReporting/src/com/olf/jm/advancedPricingReporting/items/tables/EnumSquaredMetalPositionSection.java",7,"AdvancedPricingReporting.com.olf.jm.advancedPricingReporting.items.tables.EnumSquaredMetalPositionSection"
