"APM",29,""
"jproject_classpath",8,"APM/jproject.classpath"
"APM/src/jvs/scripts/APM_UDSR_PowerPosition.java",33,"APM.jvs.scripts.APM_UDSR_PowerPosition",16
"APM/src/jvs/scripts/APM_UDSR_PowerTransmissionPosition.java",33,"APM.jvs.scripts.APM_UDSR_PowerTransmissionPosition",16
"APM/src/standard/apm/APM_ADSCommitBatchDataSet.java",33,"APM.standard.apm.APM_ADSCommitBatchDataSet",77
"APM/src/standard/apm/ads/Factory.java",33,"APM.standard.apm.ads.Factory",77
"APM/src/standard/apm/PrunerDealKey.java",33,"APM.standard.apm.PrunerDealKey",77
"APM/src/standard/apm/RTPE_APM_Generic.java",33,"APM.standard.apm.RTPE_APM_Generic",77
"APM/src/standard/apm/RTPE_APM_Generic_DealProcessor.java",33,"APM.standard.apm.RTPE_APM_Generic_DealProcessor",77
"APM/src/standard/apm/RTPE_APM_Generic_PreProcessor.java",33,"APM.standard.apm.RTPE_APM_Generic_PreProcessor",77
"APM/src/standard/apm/ads/Environment.java",33,"APM.standard.apm.ads.Environment",77
"APM/src/standard/apm/drilldown/APM_Exposure_Change_Drilldown_Example.java",33,"APM.standard.apm.drilldown.APM_Exposure_Change_Drilldown_Example",77
"APM/src/standard/apm/drilldown/APM_Drilldown_New_Only.java",33,"APM.standard.apm.drilldown.APM_Drilldown_New_Only",77
"APM/src/standard/apm/DealPruningHandler.java",33,"APM.standard.apm.DealPruningHandler",77
"APM/src/standard/apm/utilities/APM_AnalyseConfiguration.java",33,"APM.standard.apm.utilities.APM_AnalyseConfiguration",77
"APM/src/standard/include/APM_Utils.java",33,"APM.standard.include.APM_Utils",77
"APM/src/standard/include/ConsoleCapture.java",33,"APM.standard.include.ConsoleCapture",77
"APM/src/standard/include/ConsoleCaptureWrapper.java",33,"APM.standard.include.ConsoleCaptureWrapper",77
"APM/src/standard/include/LogConfigurator.java",33,"APM.standard.include.LogConfigurator",77
"APM/src/standard/apm/GatherServiceStatusJVS.java",33,"APM.standard.apm.GatherServiceStatusJVS",77
"APM/src/standard/apm/APM_UpdateTables.java",33,"APM.standard.apm.APM_UpdateTables",77
"APM/src/standard/apm/APM_ADSLogStatusMessage.java",33,"APM.standard.apm.APM_ADSLogStatusMessage",77
"APM/src/standard/apm/APM_ExecuteQuery.java",33,"APM.standard.apm.APM_ExecuteQuery",77
"APM/src/standard/apm/APM_BatchOps.java",33,"APM.standard.apm.APM_BatchOps",77
"APM/src/standard/apm/APM_BatchOps_ADS.java",33,"APM.standard.apm.APM_BatchOps_ADS",77
"APM/src/standard/apm/APM_BatchOps_SQLITE.java",33,"APM.standard.apm.APM_BatchOps_SQLITE",77
"APM/src/standard/apm/APM_Batch_Failure_Sweeper.java",33,"APM.standard.apm.APM_Batch_Failure_Sweeper",77
"APM/src/standard/apm/APM_Clear_Bad_Deal_Updates.java",33,"APM.standard.apm.APM_Clear_Bad_Deal_Updates",77
"APM/src/standard/apm/APM_MessageLogUtilities.java",33,"APM.standard.apm.APM_MessageLogUtilities",77
"APM/src/standard/apm/APM_HandleSimResults.java",33,"APM.standard.apm.APM_HandleSimResults",77
"APM/src/standard/apm/APM_SimResultSetup.java",33,"APM.standard.apm.APM_SimResultSetup",77
"APM/src/standard/apm/APM_Purge_Deal_Locking_Table.java",33,"APM.standard.apm.APM_Purge_Deal_Locking_Table",77
"APM/src/standard/apm/APM_Rerun_DataSetKey.java",33,"APM.standard.apm.APM_Rerun_DataSetKey",77
"APM/src/standard/apm/APM_RevalPost.java",33,"APM.standard.apm.APM_RevalPost",77
"APM/src/standard/apm/APM_RevalPre.java",33,"APM.standard.apm.APM_RevalPre",77
"APM/src/standard/apm/APM_ServiceJobs.java",33,"APM.standard.apm.APM_ServiceJobs",77
"APM/src/standard/include/StatisticsLogging.java",33,"APM.standard.include.StatisticsLogging",77
"APM/src/standard/apm/ADS_DataStoreOps.java",33,"APM.standard.apm.ADS_DataStoreOps",77
"APM/src/com/custom/APM_SQLITECustomDrillExample.java",33,"APM.com.custom.APM_SQLITECustomDrillExample",77
"APM/src/standard/apm/drilldown/APM_ADS_Drilldown_Task.java",33,"APM.standard.apm.drilldown.APM_ADS_Drilldown_Task",77
"APM/src/standard/apm/utilities/APM_IncUpdates_Analysis_Args_Validator.java",33,"APM.standard.apm.utilities.APM_IncUpdates_Analysis_Args_Validator",77
"APM/src/standard/apm/SQLITE_DataStoreOps.java",33,"APM.standard.apm.SQLITE_DataStoreOps",77
"APM/src/standard/apm/utilities/APM_DelTrannumFromQueue.java",33,"APM.standard.apm.utilities.APM_DelTrannumFromQueue",77
"APM/src/standard/apm/utilities/APM_IncUpdates_Analysis_Main.java",33,"APM.standard.apm.utilities.APM_IncUpdates_Analysis_Main",77
"APM/src/standard/include/ConsoleLogging.java",33,"APM.standard.include.ConsoleLogging",77
"APM/src/standard/apm/utilities/APM_ViewAllIncrementals_Yest.java",33,"APM.standard.apm.utilities.APM_ViewAllIncrementals_Yest",77
"APM/src/standard/apm/utilities/APM_View_Batch_Stats.java",33,"APM.standard.apm.utilities.APM_View_Batch_Stats",77
"APM/src/standard/apm/utilities/APM_IncUpdates_Analysis_Params.java",33,"APM.standard.apm.utilities.APM_IncUpdates_Analysis_Params",77
"APM/src/standard/apm/utilities/APM_SubmitDealNumToQueues.java",33,"APM.standard.apm.utilities.APM_SubmitDealNumToQueues",77
"APM/src/standard/apm/utilities/APM_RevalTest.java",33,"APM.standard.apm.utilities.APM_RevalTest",77
"APM/src/standard/apm/utilities/APM_PurgeIncrementalQueue.java",33,"APM.standard.apm.utilities.APM_PurgeIncrementalQueue",77
"APM/src/standard/apm/PrunerEntityKey.java",33,"APM.standard.apm.PrunerEntityKey",77
"APM/src/standard/apm/EntityPruningHandler.java",33,"APM.standard.apm.EntityPruningHandler",77
"APM/src/standard/apm/APM_Clear_Bad_Updates.java",33,"APM.standard.apm.APM_Clear_Bad_Updates",77
"APM/src/standard/apm/APM_EntityJobOps.java",33,"APM.standard.apm.APM_EntityJobOps",77
"APM/src/standard/apm/APM_DealJobOps.java",33,"APM.standard.apm.APM_DealJobOps",77
"APM/src/standard/apm/APM_DataStoreOps.java",33,"APM.standard.apm.APM_DataStoreOps",77
"APM/src/standard/apm/APM_ExecuteNominationQuery.java",33,"APM.standard.apm.APM_ExecuteNominationQuery",77
"APM/src/standard/apm/APM_ExecuteDealQuery.java",33,"APM.standard.apm.APM_ExecuteDealQuery",77
"APM/src/standard/apm/APM_ServiceProcessor.java",33,"APM.standard.apm.APM_ServiceProcessor",77
"APM/src/standard/apm/APM_JobProcessor.java",33,"APM.standard.apm.APM_JobProcessor",77
"APM/src/standard/apm/APM_Purge_Entity_Locking_Table.java",33,"APM.standard.apm.APM_Purge_Entity_Locking_Table",77
"APM/src/standard/apm/APM_NominationJobOps.java",33,"APM.standard.apm.APM_NominationJobOps",77
"APM/src/com/olf/result/APMUtility/APMUtility.java",33,"APM.com.olf.result.APMUtility.APMUtility",16
"APM/src/com/olf/result/APM_PhysVolumes/APM_PhysVolumesUtilNAGas.java",33,"APM.com.olf.result.APM_PhysVolumes.APM_PhysVolumesUtilNAGas",16
"APM/src/com/olf/result/APM_ICBalance/APM_ICBalance.java",33,"APM.com.olf.result.APM_ICBalance.APM_ICBalance",16
"APM/src/com/olf/result/APM_UDSR_KUtilize/APM_UDSR_Kutilize.java",33,"APM.com.olf.result.APM_UDSR_KUtilize.APM_UDSR_Kutilize",16
"APM/src/com/olf/result/APM_UDSR_PoolBalance/APM_UDSR_PoolBalance.java",33,"APM.com.olf.result.APM_UDSR_PoolBalance.APM_UDSR_PoolBalance",16
"APM/src/com/olf/result/APM_UDSR_NomInfo.java",33,"APM.com.olf.result.APM_UDSR_NomInfo",16
"APM/src/com/olf/result/APM_PhysVolumes/APM_PhysVolumesNAGas.java",33,"APM.com.olf.result.APM_PhysVolumes.APM_PhysVolumesNAGas",16
"APM/src/com/olf/result/APM_ImbalanceNAGas/APM_ImbalanceNAGas.java",33,"APM.com.olf.result.APM_ImbalanceNAGas.APM_ImbalanceNAGas",16
"APM/src/com/olf/result/APM_PhysVolumes/APM_PhysInfoNAGas.java",33,"APM.com.olf.result.APM_PhysVolumes.APM_PhysInfoNAGas",16
"APM/src/com/olf/result/APM_PhysVolumes/APM_OverScheduledNAGas.java",33,"APM.com.olf.result.APM_PhysVolumes.APM_OverScheduledNAGas",16
"APM/src/com/olf/result/APM_UserVolTypes/APM_UserVolTypes.java",33,"APM.com.olf.result.APM_UserVolTypes.APM_UserVolTypes",16
