"AutoSettleInsPopulation",29,""
"jproject_classpath",8,"AutoSettleInsPopulation/jproject.classpath"
"AutoSettleInsPopulation/src/com/olf/jm/autosipopulation/gui/ConfirmationDialog.java",7,"AutoSettleInsPopulation.com.olf.jm.autosipopulation.gui.ConfirmationDialog"
"AutoSettleInsPopulation/src/com/olf/jm/autosipopulation/persistence/LogicResultApplicator.java",7,"AutoSettleInsPopulation.com.olf.jm.autosipopulation.persistence.LogicResultApplicator"
"AutoSettleInsPopulation/src/com/olf/jm/autosipopulation/model/ParamInfoField.java",7,"AutoSettleInsPopulation.com.olf.jm.autosipopulation.model.ParamInfoField"
"AutoSettleInsPopulation/src/com/olf/jm/autosipopulation/persistence/DBHelper.java",7,"AutoSettleInsPopulation.com.olf.jm.autosipopulation.persistence.DBHelper"
"AutoSettleInsPopulation/src/com/olf/jm/autosipopulation/model/AccountInfoField.java",7,"AutoSettleInsPopulation.com.olf.jm.autosipopulation.model.AccountInfoField"
"AutoSettleInsPopulation/src/com/olf/jm/autosipopulation/persistence/Logic.java",7,"AutoSettleInsPopulation.com.olf.jm.autosipopulation.persistence.Logic"
"AutoSettleInsPopulation/src/com/olf/jm/autosipopulation/model/SavedUnsaved.java",7,"AutoSettleInsPopulation.com.olf.jm.autosipopulation.model.SavedUnsaved"
"AutoSettleInsPopulation/src/com/olf/jm/autosipopulation/app/AssignSettlementInstruction.java",7,"AutoSettleInsPopulation.com.olf.jm.autosipopulation.app.AssignSettlementInstruction",19
"AutoSettleInsPopulation/src/com/olf/jm/autosipopulation/model/DecisionData.java",7,"AutoSettleInsPopulation.com.olf.jm.autosipopulation.model.DecisionData"
"AutoSettleInsPopulation/src/com/olf/jm/autosipopulation/persistence/LogicResult.java",7,"AutoSettleInsPopulation.com.olf.jm.autosipopulation.persistence.LogicResult"
"AutoSettleInsPopulation/src/com/olf/jm/autosipopulation/gui/SelectDialog.java",7,"AutoSettleInsPopulation.com.olf.jm.autosipopulation.gui.SelectDialog"
"AutoSettleInsPopulation/src/com/olf/jm/autosipopulation/model/Pair.java",7,"AutoSettleInsPopulation.com.olf.jm.autosipopulation.model.Pair"
"AutoSettleInsPopulation/src/com/olf/jm/autosipopulation/model/SettleInsAndAcctData.java",7,"AutoSettleInsPopulation.com.olf.jm.autosipopulation.model.SettleInsAndAcctData"
"AutoSettleInsPopulation/src/com/olf/jm/autosipopulation/model/TranInfoField.java",7,"AutoSettleInsPopulation.com.olf.jm.autosipopulation.model.TranInfoField"
"AutoSettleInsPopulation/src/com/olf/jm/autosipopulation/model/StlInsInfo.java",7,"AutoSettleInsPopulation.com.olf.jm.autosipopulation.model.StlInsInfo"
"AutoSettleInsPopulation/src/com/olf/jm/autosipopulation/model/EnumRunMode.java",7,"AutoSettleInsPopulation.com.olf.jm.autosipopulation.model.EnumRunMode"
"AutoSettleInsPopulation/src/com/olf/jm/autosipopulation/model/EnumClientDataCol.java",7,"AutoSettleInsPopulation.com.olf.jm.autosipopulation.model.EnumClientDataCol"
"AutoSettleInsPopulation/src/com/olf/jm/autosipopulation/persistence/LogicResultApplicatorComplexCommPhys.java",7,"AutoSettleInsPopulation.com.olf.jm.autosipopulation.persistence.LogicResultApplicatorComplexCommPhys"
"AutoSettleInsPopulation/src/com/olf/jm/autosipopulation/persistence/LogicResultApplicatorException.java",7,"AutoSettleInsPopulation.com.olf.jm.autosipopulation.persistence.LogicResultApplicatorException"
"AutoSettleInsPopulation/src/com/olf/jm/autosipopulation/persistence/LogicResultApplicatorComplexCommPhysException.java",7,"AutoSettleInsPopulation.com.olf.jm.autosipopulation.persistence.LogicResultApplicatorComplexCommPhysException"
"AutoSettleInsPopulation/src/com/olf/jm/autosipopulation/persistence/LogicResultApplicatorTranInfoField.java",7,"AutoSettleInsPopulation.com.olf.jm.autosipopulation.persistence.LogicResultApplicatorTranInfoField"
"AutoSettleInsPopulation/src/com/olf/jm/autosipopulation/app/SettleInsForVatAndTaxEvents.java",7,"AutoSettleInsPopulation.com.olf.jm.autosipopulation.app.SettleInsForVatAndTaxEvents",19
"AutoSettleInsPopulation/src/com/olf/jm/autosipopulation/app/SettleInsForVatAndTaxEventsEventLevel.java",7,"AutoSettleInsPopulation.com.olf.jm.autosipopulation.app.SettleInsForVatAndTaxEventsEventLevel",58
