"D422_Dispatch",29,""
"jproject_classpath",8,"D422_Dispatch/jproject.classpath"
"D422_Dispatch/src/com/matthey/openlink/utilities/stub/RetreiveLGD.java",7,"D422_Dispatch.com.matthey.openlink.utilities.stub.RetreiveLGD",165
"D422_Dispatch/src/com/matthey/openlink/bo/opsvc/DispatchInfoStamping.java",7,"D422_Dispatch.com.matthey.openlink.bo.opsvc.DispatchInfoStamping",14
"D422_Dispatch/src/com/matthey/openlink/utilities/tpm/RetrieveLGD.java",7,"D422_Dispatch.com.matthey.openlink.utilities.tpm.RetrieveLGD",165
"D422_Dispatch/src/com/matthey/openlink/LondonBullionMarketAssociation.java",7,"D422_Dispatch.com.matthey.openlink.LondonBullionMarketAssociation"
"D422_Dispatch/src/com/matthey/openlink/TestNomination.java",7,"D422_Dispatch.com.matthey.openlink.TestNomination",49
"D422_Dispatch/src/com/matthey/openlink/utilities/tpm/RetrieveCollateral.java",7,"D422_Dispatch.com.matthey.openlink.utilities.tpm.RetrieveCollateral",165
"D422_Dispatch/src/com/matthey/openlink/utilities/tpm/RetrieveAR.java",7,"D422_Dispatch.com.matthey.openlink.utilities.tpm.RetrieveAR",165
"D422_Dispatch/src/com/matthey/openlink/utilities/stub/testPreTPM.java",7,"D422_Dispatch.com.matthey.openlink.utilities.stub.testPreTPM",202
"D422_Dispatch/src/com/matthey/openlink/utilities/picklists/DispatchConsigneeAddress.java",7,"D422_Dispatch.com.matthey.openlink.utilities.picklists.DispatchConsigneeAddress",56
"D422_Dispatch/src/com/matthey/openlink/utilities/stub/RetrieveCollateral.java",7,"D422_Dispatch.com.matthey.openlink.utilities.stub.RetrieveCollateral",165
"D422_Dispatch/src/com/matthey/openlink/utilities/picklists/DispatchConsignee.java",7,"D422_Dispatch.com.matthey.openlink.utilities.picklists.DispatchConsignee",56
"D422_Dispatch/src/com/matthey/openlink/bo/opsvc/ValidateDispatchInstructions.java",7,"D422_Dispatch.com.matthey.openlink.bo.opsvc.ValidateDispatchInstructions",49
"D422_Dispatch/src/com/matthey/openlink/utilities/stub/TestRInterface.java",7,"D422_Dispatch.com.matthey.openlink.utilities.stub.TestRInterface"
"D422_Dispatch/src/com/matthey/openlink/OCDispatchStatus.java",7,"D422_Dispatch.com.matthey.openlink.OCDispatchStatus",19
"D422_Dispatch/src/com/matthey/openlink/LGD.java",7,"D422_Dispatch.com.matthey.openlink.LGD"
"D422_Dispatch/src/com/matthey/openlink/utilities/stub/testTPM.java",7,"D422_Dispatch.com.matthey.openlink.utilities.stub.testTPM",165
"D422_Dispatch/src/com/matthey/openlink/utilities/tpm/TpmVariables.java",7,"D422_Dispatch.com.matthey.openlink.utilities.tpm.TpmVariables"
"D422_Dispatch/src/com/matthey/openlink/utilities/stub/testConf.java",7,"D422_Dispatch.com.matthey.openlink.utilities.stub.testConf",206
"D422_Dispatch/src/com/matthey/openlink/bo/opsvc/DispatchCollateralException.java",7,"D422_Dispatch.com.matthey.openlink.bo.opsvc.DispatchCollateralException"
"D422_Dispatch/src/com/matthey/openlink/utilities/stub/RetrieveTEST.java",7,"D422_Dispatch.com.matthey.openlink.utilities.stub.RetrieveTEST",165
"D422_Dispatch/src/com/matthey/openlink/utilities/picklists/DispatchConsigneeException.java",7,"D422_Dispatch.com.matthey.openlink.utilities.picklists.DispatchConsigneeException"
"D422_Dispatch/src/com/matthey/openlink/utilities/picklists/ConsigneeNotification.java",7,"D422_Dispatch.com.matthey.openlink.utilities.picklists.ConsigneeNotification",61
"D422_Dispatch/src/com/olf/containermanagement/TestPreProcessScript.java",7,"D422_Dispatch.com.olf.containermanagement.TestPreProcessScript",49
"D422_Dispatch/src/com/matthey/openlink/bo/opsvc/DispatchCollateral.java",7,"D422_Dispatch.com.matthey.openlink.bo.opsvc.DispatchCollateral"
"D422_Dispatch/src/com/matthey/openlink/bo/opsvc/ValidateCollateralBalance.java",7,"D422_Dispatch.com.matthey.openlink.bo.opsvc.ValidateCollateralBalance",14
"D422_Dispatch/src/com/matthey/openlink/utilities/stub/RetrieveCollateralStub.java",7,"D422_Dispatch.com.matthey.openlink.utilities.stub.RetrieveCollateralStub",165
"D422_Dispatch/src/com/matthey/openlink/DiscoverPrinters.java",7,"D422_Dispatch.com.matthey.openlink.DiscoverPrinters"
"D422_Dispatch/src/com/matthey/openlink/bo/opsvc/ValidateDispatchInstructionsException.java",7,"D422_Dispatch.com.matthey.openlink.bo.opsvc.ValidateDispatchInstructionsException"
"D422_Dispatch/src/com/matthey/openlink/bo/opsvc/CheckDealStatusTransition.java",7,"D422_Dispatch.com.matthey.openlink.bo.opsvc.CheckDealStatusTransition",19
"D422_Dispatch/src/com/matthey/openlink/utilities/picklists/ConsigneeTranfieldNotification.java",7,"D422_Dispatch.com.matthey.openlink.utilities.picklists.ConsigneeTranfieldNotification",33
