"EndurAccountingFeedInterface",29,""
"jproject_classpath",8,"EndurAccountingFeedInterface/jproject.classpath"
"EndurAccountingFeedInterface/src/com/jm/accountingfeed/enums/AuditRecordStatus.java",33,"EndurAccountingFeedInterface.com.jm.accountingfeed.enums.AuditRecordStatus"
"EndurAccountingFeedInterface/src/com/jm/accountingfeed/stamping/MetalLedgerStamping.java",33,"EndurAccountingFeedInterface.com.jm.accountingfeed.stamping.MetalLedgerStamping"
"EndurAccountingFeedInterface/src/com/jm/accountingfeed/udsr/ledgers/AbstractDealCalculator.java",33,"EndurAccountingFeedInterface.com.jm.accountingfeed.udsr.ledgers.AbstractDealCalculator"
"EndurAccountingFeedInterface/src/com/jm/accountingfeed/udsr/UdsrBase.java",33,"EndurAccountingFeedInterface.com.jm.accountingfeed.udsr.UdsrBase"
"EndurAccountingFeedInterface/src/com/jm/accountingfeed/udsr/TranData.java",33,"EndurAccountingFeedInterface.com.jm.accountingfeed.udsr.TranData",16
"EndurAccountingFeedInterface/src/com/jm/accountingfeed/stamping/Stamping.java",33,"EndurAccountingFeedInterface.com.jm.accountingfeed.stamping.Stamping"
"EndurAccountingFeedInterface/src/com/jm/accountingfeed/stamping/SalesLedgerStamping.java",33,"EndurAccountingFeedInterface.com.jm.accountingfeed.stamping.SalesLedgerStamping"
"EndurAccountingFeedInterface/src/com/jm/accountingfeed/stamping/GeneralLedgerStamping.java",33,"EndurAccountingFeedInterface.com.jm.accountingfeed.stamping.GeneralLedgerStamping"
"EndurAccountingFeedInterface/src/com/jm/accountingfeed/udsr/ledgers/CashTransferDealCalculator.java",33,"EndurAccountingFeedInterface.com.jm.accountingfeed.udsr.ledgers.CashTransferDealCalculator"
"EndurAccountingFeedInterface/src/com/jm/accountingfeed/rb/output/SalesLedgerOutput.java",33,"EndurAccountingFeedInterface.com.jm.accountingfeed.rb.output.SalesLedgerOutput"
"EndurAccountingFeedInterface/src/com/jm/accountingfeed/rb/output/ReferenceDataExtractOutput.java",33,"EndurAccountingFeedInterface.com.jm.accountingfeed.rb.output.ReferenceDataExtractOutput"
"EndurAccountingFeedInterface/src/com/jm/accountingfeed/rb/output/MetalLedgerOutput.java",33,"EndurAccountingFeedInterface.com.jm.accountingfeed.rb.output.MetalLedgerOutput"
"EndurAccountingFeedInterface/src/com/jm/accountingfeed/rb/output/GeneralLedgerOutput.java",33,"EndurAccountingFeedInterface.com.jm.accountingfeed.rb.output.GeneralLedgerOutput"
"EndurAccountingFeedInterface/src/com/jm/accountingfeed/rb/output/AccountingFeedOutput.java",33,"EndurAccountingFeedInterface.com.jm.accountingfeed.rb.output.AccountingFeedOutput"
"EndurAccountingFeedInterface/src/com/jm/accountingfeed/udsr/ledgers/BaseDealCalculator.java",33,"EndurAccountingFeedInterface.com.jm.accountingfeed.udsr.ledgers.BaseDealCalculator"
"EndurAccountingFeedInterface/src/com/jm/accountingfeed/udsr/ledgers/CommodityDealCalculator.java",33,"EndurAccountingFeedInterface.com.jm.accountingfeed.udsr.ledgers.CommodityDealCalculator"
"EndurAccountingFeedInterface/src/com/jm/accountingfeed/udsr/ledgers/ComFutDealCalculator.java",33,"EndurAccountingFeedInterface.com.jm.accountingfeed.udsr.ledgers.ComFutDealCalculator"
"EndurAccountingFeedInterface/src/com/jm/accountingfeed/rb/datasource/salesledger/SalesLedgerDiagnostic.java",33,"EndurAccountingFeedInterface.com.jm.accountingfeed.rb.datasource.salesledger.SalesLedgerDiagnostic"
"EndurAccountingFeedInterface/src/com/jm/accountingfeed/udsr/ledgers/MetalTransferDealCalculator.java",33,"EndurAccountingFeedInterface.com.jm.accountingfeed.udsr.ledgers.MetalTransferDealCalculator"
"EndurAccountingFeedInterface/src/com/jm/accountingfeed/util/SimUtil.java",33,"EndurAccountingFeedInterface.com.jm.accountingfeed.util.SimUtil"
"EndurAccountingFeedInterface/src/com/jm/accountingfeed/util/Constants.java",33,"EndurAccountingFeedInterface.com.jm.accountingfeed.util.Constants"
"EndurAccountingFeedInterface/src/com/jm/accountingfeed/util/ConstRepoConfig.java",33,"EndurAccountingFeedInterface.com.jm.accountingfeed.util.ConstRepoConfig"
"EndurAccountingFeedInterface/src/com/jm/accountingfeed/udsr/ledgers/SalesLedgerData.java",33,"EndurAccountingFeedInterface.com.jm.accountingfeed.udsr.ledgers.SalesLedgerData",16
"EndurAccountingFeedInterface/src/com/jm/accountingfeed/udsr/ledgers/MetalsLedgerData.java",33,"EndurAccountingFeedInterface.com.jm.accountingfeed.udsr.ledgers.MetalsLedgerData",16
"EndurAccountingFeedInterface/src/com/jm/accountingfeed/udsr/ledgers/MetalSwapsDealCalculator.java",33,"EndurAccountingFeedInterface.com.jm.accountingfeed.udsr.ledgers.MetalSwapsDealCalculator"
"EndurAccountingFeedInterface/src/com/jm/accountingfeed/udsr/ledgers/FXDealCalculator.java",33,"EndurAccountingFeedInterface.com.jm.accountingfeed.udsr.ledgers.FXDealCalculator"
"EndurAccountingFeedInterface/src/com/jm/accountingfeed/udsr/ledgers/LoanDepDealCalculator.java",33,"EndurAccountingFeedInterface.com.jm.accountingfeed.udsr.ledgers.LoanDepDealCalculator"
"EndurAccountingFeedInterface/src/com/jm/accountingfeed/udsr/ledgers/IDealCalculator.java",33,"EndurAccountingFeedInterface.com.jm.accountingfeed.udsr.ledgers.IDealCalculator"
"EndurAccountingFeedInterface/src/com/jm/accountingfeed/udsr/ledgers/GeneralLedgerData.java",33,"EndurAccountingFeedInterface.com.jm.accountingfeed.udsr.ledgers.GeneralLedgerData",16
"EndurAccountingFeedInterface/src/com/jm/accountingfeed/udsr/ledgers/FactoryDealCalculator.java",33,"EndurAccountingFeedInterface.com.jm.accountingfeed.udsr.ledgers.FactoryDealCalculator"
"EndurAccountingFeedInterface/src/com/jm/accountingfeed/udsr/ledgers/FXSwapsDealCalculator.java",33,"EndurAccountingFeedInterface.com.jm.accountingfeed.udsr.ledgers.FXSwapsDealCalculator"
"EndurAccountingFeedInterface/src/com/jm/accountingfeed/rb/datasource/salesledger/SalesLedgerExtract.java",33,"EndurAccountingFeedInterface.com.jm.accountingfeed.rb.datasource.salesledger.SalesLedgerExtract"
"EndurAccountingFeedInterface/src/com/jm/accountingfeed/rb/datasource/ReportParameter.java",33,"EndurAccountingFeedInterface.com.jm.accountingfeed.rb.datasource.ReportParameter"
"EndurAccountingFeedInterface/src/com/jm/accountingfeed/enums/BoundaryTableGeneralLedgerDataColumns.java",33,"EndurAccountingFeedInterface.com.jm.accountingfeed.enums.BoundaryTableGeneralLedgerDataColumns"
"EndurAccountingFeedInterface/src/com/jm/accountingfeed/enums/EndurEventInfoField.java",33,"EndurAccountingFeedInterface.com.jm.accountingfeed.enums.EndurEventInfoField"
"EndurAccountingFeedInterface/src/com/jm/accountingfeed/enums/ExtractionTableName.java",33,"EndurAccountingFeedInterface.com.jm.accountingfeed.enums.ExtractionTableName"
"EndurAccountingFeedInterface/src/com/jm/accountingfeed/enums/EndurTranInfoField.java",33,"EndurAccountingFeedInterface.com.jm.accountingfeed.enums.EndurTranInfoField"
"EndurAccountingFeedInterface/src/com/jm/accountingfeed/enums/EndurTaxRate.java",33,"EndurAccountingFeedInterface.com.jm.accountingfeed.enums.EndurTaxRate"
"EndurAccountingFeedInterface/src/com/jm/accountingfeed/enums/EndurPartyInfoInternalLEntity.java",33,"EndurAccountingFeedInterface.com.jm.accountingfeed.enums.EndurPartyInfoInternalLEntity"
"EndurAccountingFeedInterface/src/com/jm/accountingfeed/enums/EndurPartyInfoInternalBunit.java",33,"EndurAccountingFeedInterface.com.jm.accountingfeed.enums.EndurPartyInfoInternalBunit"
"EndurAccountingFeedInterface/src/com/jm/accountingfeed/enums/EndurDocumentStatus.java",33,"EndurAccountingFeedInterface.com.jm.accountingfeed.enums.EndurDocumentStatus"
"EndurAccountingFeedInterface/src/com/jm/accountingfeed/enums/LedgerExtractionTableColumn.java",33,"EndurAccountingFeedInterface.com.jm.accountingfeed.enums.LedgerExtractionTableColumn"
"EndurAccountingFeedInterface/src/com/jm/accountingfeed/enums/EndurDocumentInfoField.java",33,"EndurAccountingFeedInterface.com.jm.accountingfeed.enums.EndurDocumentInfoField"
"EndurAccountingFeedInterface/src/com/jm/accountingfeed/enums/EndurCashflowType.java",33,"EndurAccountingFeedInterface.com.jm.accountingfeed.enums.EndurCashflowType"
"EndurAccountingFeedInterface/src/com/jm/accountingfeed/enums/BoundaryTableSalesLedgerDataColumns.java",33,"EndurAccountingFeedInterface.com.jm.accountingfeed.enums.BoundaryTableSalesLedgerDataColumns"
"EndurAccountingFeedInterface/src/com/jm/accountingfeed/enums/BoundaryTableRefDataColumns.java",33,"EndurAccountingFeedInterface.com.jm.accountingfeed.enums.BoundaryTableRefDataColumns"
"EndurAccountingFeedInterface/src/com/jm/accountingfeed/enums/BoundaryTableMetalLedgerDataColumns.java",33,"EndurAccountingFeedInterface.com.jm.accountingfeed.enums.BoundaryTableMetalLedgerDataColumns"
"EndurAccountingFeedInterface/src/com/jm/accountingfeed/enums/JDEStatus.java",33,"EndurAccountingFeedInterface.com.jm.accountingfeed.enums.JDEStatus"
"EndurAccountingFeedInterface/src/com/jm/accountingfeed/enums/ReportBuilderParameter.java",33,"EndurAccountingFeedInterface.com.jm.accountingfeed.enums.ReportBuilderParameter"
"EndurAccountingFeedInterface/src/com/jm/accountingfeed/enums/PartyRegion.java",33,"EndurAccountingFeedInterface.com.jm.accountingfeed.enums.PartyRegion"
"EndurAccountingFeedInterface/src/com/jm/accountingfeed/rb/datasource/ReportEngine.java",33,"EndurAccountingFeedInterface.com.jm.accountingfeed.rb.datasource.ReportEngine"
"EndurAccountingFeedInterface/src/com/jm/accountingfeed/jaxbbindings/reference/Account.java",33,"EndurAccountingFeedInterface.com.jm.accountingfeed.jaxbbindings.reference.Account"
"EndurAccountingFeedInterface/src/com/jm/accountingfeed/jaxbbindings/salesledger/Trades.java",33,"EndurAccountingFeedInterface.com.jm.accountingfeed.jaxbbindings.salesledger.Trades"
"EndurAccountingFeedInterface/src/com/jm/accountingfeed/jaxbbindings/salesledger/Trade.java",33,"EndurAccountingFeedInterface.com.jm.accountingfeed.jaxbbindings.salesledger.Trade"
"EndurAccountingFeedInterface/src/com/jm/accountingfeed/jaxbbindings/salesledger/ObjectFactory.java",33,"EndurAccountingFeedInterface.com.jm.accountingfeed.jaxbbindings.salesledger.ObjectFactory"
"EndurAccountingFeedInterface/src/com/jm/accountingfeed/jaxbbindings/reference/ObjectFactory.java",33,"EndurAccountingFeedInterface.com.jm.accountingfeed.jaxbbindings.reference.ObjectFactory"
"EndurAccountingFeedInterface/src/com/jm/accountingfeed/jaxbbindings/reference/Accounts.java",33,"EndurAccountingFeedInterface.com.jm.accountingfeed.jaxbbindings.reference.Accounts"
"EndurAccountingFeedInterface/src/com/jm/accountingfeed/jaxbbindings/metalledger/Trades.java",33,"EndurAccountingFeedInterface.com.jm.accountingfeed.jaxbbindings.metalledger.Trades"
"EndurAccountingFeedInterface/src/com/jm/accountingfeed/exception/AccountingFeedRuntimeException.java",33,"EndurAccountingFeedInterface.com.jm.accountingfeed.exception.AccountingFeedRuntimeException"
"EndurAccountingFeedInterface/src/com/jm/accountingfeed/jaxbbindings/metalledger/Trade.java",33,"EndurAccountingFeedInterface.com.jm.accountingfeed.jaxbbindings.metalledger.Trade"
"EndurAccountingFeedInterface/src/com/jm/accountingfeed/jaxbbindings/metalledger/ObjectFactory.java",33,"EndurAccountingFeedInterface.com.jm.accountingfeed.jaxbbindings.metalledger.ObjectFactory"
"EndurAccountingFeedInterface/src/com/jm/accountingfeed/jaxbbindings/generalledger/Trades.java",33,"EndurAccountingFeedInterface.com.jm.accountingfeed.jaxbbindings.generalledger.Trades"
"EndurAccountingFeedInterface/src/com/jm/accountingfeed/jaxbbindings/generalledger/Trade.java",33,"EndurAccountingFeedInterface.com.jm.accountingfeed.jaxbbindings.generalledger.Trade"
"EndurAccountingFeedInterface/src/com/jm/accountingfeed/jaxbbindings/generalledger/ObjectFactory.java",33,"EndurAccountingFeedInterface.com.jm.accountingfeed.jaxbbindings.generalledger.ObjectFactory"
"EndurAccountingFeedInterface/src/com/jm/accountingfeed/util/Util.java",33,"EndurAccountingFeedInterface.com.jm.accountingfeed.util.Util"
"EndurAccountingFeedInterface/src/com/jm/accountingfeed/enums/EndurDealCommentType.java",33,"EndurAccountingFeedInterface.com.jm.accountingfeed.enums.EndurDealCommentType"
"EndurAccountingFeedInterface/src/com/jm/accountingfeed/enums/BoundaryTableSalesLedgerSapDataColumns.java",33,"EndurAccountingFeedInterface.com.jm.accountingfeed.enums.BoundaryTableSalesLedgerSapDataColumns"
"EndurAccountingFeedInterface/src/com/jm/accountingfeed/enums/EndurPartyInfoExternalLEntity.java",33,"EndurAccountingFeedInterface.com.jm.accountingfeed.enums.EndurPartyInfoExternalLEntity"
"EndurAccountingFeedInterface/src/com/jm/accountingfeed/enums/EndurPartyInfoExternalBunit.java",33,"EndurAccountingFeedInterface.com.jm.accountingfeed.enums.EndurPartyInfoExternalBunit"
"EndurAccountingFeedInterface/src/com/jm/accountingfeed/rb/output/SalesLedgerSapOutput.java",33,"EndurAccountingFeedInterface.com.jm.accountingfeed.rb.output.SalesLedgerSapOutput"
"EndurAccountingFeedInterface/src/com/jm/accountingfeed/rb/datasource/salesledger/SalesLedgerSapExtract.java",33,"EndurAccountingFeedInterface.com.jm.accountingfeed.rb.datasource.salesledger.SalesLedgerSapExtract"
"EndurAccountingFeedInterface/src/com/jm/accountingfeed/stamping/SalesLedgerSapStamping.java",33,"EndurAccountingFeedInterface.com.jm.accountingfeed.stamping.SalesLedgerSapStamping"
"EndurAccountingFeedInterface/src/com/jm/accountingfeed/jaxbindings/salesledgersap/ObjectFactory.java",33,"EndurAccountingFeedInterface.com.jm.accountingfeed.jaxbindings.salesledgersap.ObjectFactory"
"EndurAccountingFeedInterface/src/com/jm/accountingfeed/jaxbindings/salesledgersap/Trade.java",33,"EndurAccountingFeedInterface.com.jm.accountingfeed.jaxbindings.salesledgersap.Trade"
"EndurAccountingFeedInterface/src/com/jm/accountingfeed/jaxbindings/salesledgersap/Trades.java",33,"EndurAccountingFeedInterface.com.jm.accountingfeed.jaxbindings.salesledgersap.Trades"
"EndurAccountingFeedInterface/src/com/jm/accountingfeed/jaxbbindings/salesledgersap/ObjectFactory.java",33,"EndurAccountingFeedInterface.com.jm.accountingfeed.jaxbbindings.salesledgersap.ObjectFactory"
"EndurAccountingFeedInterface/src/com/jm/accountingfeed/jaxbbindings/salesledgersap/Trade.java",33,"EndurAccountingFeedInterface.com.jm.accountingfeed.jaxbbindings.salesledgersap.Trade"
"EndurAccountingFeedInterface/src/com/jm/accountingfeed/jaxbbindings/salesledgersap/Trades.java",33,"EndurAccountingFeedInterface.com.jm.accountingfeed.jaxbbindings.salesledgersap.Trades"
"EndurAccountingFeedInterface/src/com/jm/stamping/adhoc/Constants.java",33,"EndurAccountingFeedInterface.com.jm.stamping.adhoc.Constants"
"EndurAccountingFeedInterface/src/com/jm/stamping/adhoc/LedgerFieldsStampingAdhoc_M.java",33,"EndurAccountingFeedInterface.com.jm.stamping.adhoc.LedgerFieldsStampingAdhoc_M"
"EndurAccountingFeedInterface/src/com/jm/stamping/adhoc/LedgerFieldsStampingAdhoc_P.java",33,"EndurAccountingFeedInterface.com.jm.stamping.adhoc.LedgerFieldsStampingAdhoc_P"
"EndurAccountingFeedInterface/src/com/jm/accountingfeed/rb/datasource/salesledger/MissingEventInfo.java",33,"EndurAccountingFeedInterface.com.jm.accountingfeed.rb.datasource.salesledger.MissingEventInfo"
"EndurAccountingFeedInterface/src/com/jm/accountingfeed/rb/output/ShanghaiGeneralLedgerOutput.java",33,"EndurAccountingFeedInterface.com.jm.accountingfeed.rb.output.ShanghaiGeneralLedgerOutput"
"EndurAccountingFeedInterface/src/com/jm/accountingfeed/rb/output/ShanghaiSalesLedgerOutput.java",33,"EndurAccountingFeedInterface.com.jm.accountingfeed.rb.output.ShanghaiSalesLedgerOutput"
"EndurAccountingFeedInterface/src/com/jm/accountingfeed/jaxbindings/shanghai/TaxDetailsType.java",33,"EndurAccountingFeedInterface.com.jm.accountingfeed.jaxbindings.shanghai.TaxDetailsType"
"EndurAccountingFeedInterface/src/com/jm/accountingfeed/jaxbindings/shanghai/MessageHeaderReceiverType.java",33,"EndurAccountingFeedInterface.com.jm.accountingfeed.jaxbindings.shanghai.MessageHeaderReceiverType"
"EndurAccountingFeedInterface/src/com/jm/accountingfeed/jaxbindings/shanghai/MessageHeaderSenderType.java",33,"EndurAccountingFeedInterface.com.jm.accountingfeed.jaxbindings.shanghai.MessageHeaderSenderType"
"EndurAccountingFeedInterface/src/com/jm/accountingfeed/jaxbindings/shanghai/ObjectFactory.java",33,"EndurAccountingFeedInterface.com.jm.accountingfeed.jaxbindings.shanghai.ObjectFactory"
"EndurAccountingFeedInterface/src/com/jm/accountingfeed/jaxbindings/shanghai/MessageHeaderBusinessScopeType.java",33,"EndurAccountingFeedInterface.com.jm.accountingfeed.jaxbindings.shanghai.MessageHeaderBusinessScopeType"
"EndurAccountingFeedInterface/src/com/jm/accountingfeed/jaxbindings/shanghai/MessageHeaderDataEntityType.java",33,"EndurAccountingFeedInterface.com.jm.accountingfeed.jaxbindings.shanghai.MessageHeaderDataEntityType"
"EndurAccountingFeedInterface/src/com/jm/accountingfeed/jaxbindings/shanghai/EnterpriseMessageHeaderType.java",33,"EndurAccountingFeedInterface.com.jm.accountingfeed.jaxbindings.shanghai.EnterpriseMessageHeaderType"
"EndurAccountingFeedInterface/src/com/jm/accountingfeed/jaxbindings/shanghai/DocumentExchangeRateType.java",33,"EndurAccountingFeedInterface.com.jm.accountingfeed.jaxbindings.shanghai.DocumentExchangeRateType"
"EndurAccountingFeedInterface/src/com/jm/accountingfeed/jaxbindings/shanghai/AccountingDocumentItemType.java",33,"EndurAccountingFeedInterface.com.jm.accountingfeed.jaxbindings.shanghai.AccountingDocumentItemType"
"EndurAccountingFeedInterface/src/com/jm/accountingfeed/jaxbindings/shanghai/AccountingDocumentAmountType.java",33,"EndurAccountingFeedInterface.com.jm.accountingfeed.jaxbindings.shanghai.AccountingDocumentAmountType"
"EndurAccountingFeedInterface/src/com/jm/accountingfeed/jaxbindings/shanghai/AccountingDocumentHeaderType.java",33,"EndurAccountingFeedInterface.com.jm.accountingfeed.jaxbindings.shanghai.AccountingDocumentHeaderType"
"EndurAccountingFeedInterface/src/com/jm/accountingfeed/jaxbindings/shanghai/AccountingDocumentPostingRequestType.java",33,"EndurAccountingFeedInterface.com.jm.accountingfeed.jaxbindings.shanghai.AccountingDocumentPostingRequestType"
"EndurAccountingFeedInterface/src/com/jm/accountingfeed/jaxbindings/shanghai/AccountingDocumentQuantityType.java",33,"EndurAccountingFeedInterface.com.jm.accountingfeed.jaxbindings.shanghai.AccountingDocumentQuantityType"
"EndurAccountingFeedInterface/src/com/jm/accountingfeed/jaxbindings/shanghai/AccountingDocumentType.java",33,"EndurAccountingFeedInterface.com.jm.accountingfeed.jaxbindings.shanghai.AccountingDocumentType"
"EndurAccountingFeedInterface/src/com/jm/accountingfeed/jaxbindings/shanghai/BusinessPartnerIDWithCategoryType.java",33,"EndurAccountingFeedInterface.com.jm.accountingfeed.jaxbindings.shanghai.BusinessPartnerIDWithCategoryType"
