"EndurJDEReconciliation",29,""
"jproject_classpath",8,"EndurJDEReconciliation/jproject.classpath"
"EndurJDEReconciliation/src/com/olf/recon/automatch/output/AbstractParam.java",33,"EndurJDEReconciliation.com.olf.recon.automatch.output.AbstractParam"
"EndurJDEReconciliation/src/com/olf/recon/rb/datasource/endurinvoiceextract/EndurInvoiceExtract.java",33,"EndurJDEReconciliation.com.olf.recon.rb.datasource.endurinvoiceextract.EndurInvoiceExtract"
"EndurJDEReconciliation/src/com/olf/recon/rb/datasource/endurdealextract/FXDeals.java",33,"EndurJDEReconciliation.com.olf.recon.rb.datasource.endurdealextract.FXDeals"
"EndurJDEReconciliation/src/com/olf/recon/rb/datasource/endurdealextract/MetalSwaps.java",33,"EndurJDEReconciliation.com.olf.recon.rb.datasource.endurdealextract.MetalSwaps"
"EndurJDEReconciliation/src/com/olf/recon/rb/datasource/endurinvoiceextract/AbstractEndurInvoiceExtract.java",33,"EndurJDEReconciliation.com.olf.recon.rb.datasource.endurinvoiceextract.AbstractEndurInvoiceExtract"
"EndurJDEReconciliation/src/com/olf/recon/rb/datasource/endurinvoiceextract/CancelledInvoices.java",33,"EndurJDEReconciliation.com.olf.recon.rb.datasource.endurinvoiceextract.CancelledInvoices"
"EndurJDEReconciliation/src/com/olf/recon/rb/datasource/jdewrapper/JDEDealExtract.java",33,"EndurJDEReconciliation.com.olf.recon.rb.datasource.jdewrapper.JDEDealExtract"
"EndurJDEReconciliation/src/com/olf/recon/rb/datasource/endurinvoiceextract/SentToCounterpartyInvoices.java",33,"EndurJDEReconciliation.com.olf.recon.rb.datasource.endurinvoiceextract.SentToCounterpartyInvoices"
"EndurJDEReconciliation/src/com/olf/recon/rb/datasource/endurdealextract/ComFut.java",33,"EndurJDEReconciliation.com.olf.recon.rb.datasource.endurdealextract.ComFut"
"EndurJDEReconciliation/src/com/olf/recon/rb/datasource/jdewrapper/JDEInvoiceExtract.java",33,"EndurJDEReconciliation.com.olf.recon.rb.datasource.jdewrapper.JDEInvoiceExtract"
"EndurJDEReconciliation/src/com/olf/recon/utils/Constants.java",33,"EndurJDEReconciliation.com.olf.recon.utils.Constants"
"EndurJDEReconciliation/src/com/olf/recon/utils/JDEConnection.java",33,"EndurJDEReconciliation.com.olf.recon.utils.JDEConnection"
"EndurJDEReconciliation/src/com/olf/recon/utils/ReconConfig.java",33,"EndurJDEReconciliation.com.olf.recon.utils.ReconConfig"
"EndurJDEReconciliation/src/com/olf/recon/rb/datasource/endurdealextract/EndurDealExtract.java",33,"EndurJDEReconciliation.com.olf.recon.rb.datasource.endurdealextract.EndurDealExtract"
"EndurJDEReconciliation/src/com/olf/recon/rb/datasource/ReportParameter.java",33,"EndurJDEReconciliation.com.olf.recon.rb.datasource.ReportParameter"
"EndurJDEReconciliation/src/com/olf/recon/rb/datasource/endurdealextract/AbstractEndurDealExtract.java",33,"EndurJDEReconciliation.com.olf.recon.rb.datasource.endurdealextract.AbstractEndurDealExtract"
"EndurJDEReconciliation/src/com/olf/recon/automatch/output/OutputEmail.java",33,"EndurJDEReconciliation.com.olf.recon.automatch.output.OutputEmail",15004
"EndurJDEReconciliation/src/com/olf/recon/enums/EndurDocumentInfoField.java",33,"EndurJDEReconciliation.com.olf.recon.enums.EndurDocumentInfoField"
"EndurJDEReconciliation/src/com/olf/recon/automatch/output/ParamUKDeals.java",33,"EndurJDEReconciliation.com.olf.recon.automatch.output.ParamUKDeals"
"EndurJDEReconciliation/src/com/olf/recon/automatch/output/ParamUKInvoices.java",33,"EndurJDEReconciliation.com.olf.recon.automatch.output.ParamUKInvoices"
"EndurJDEReconciliation/src/com/olf/recon/automatch/output/RunAutoMatchDefinition.java",33,"EndurJDEReconciliation.com.olf.recon.automatch.output.RunAutoMatchDefinition"
"EndurJDEReconciliation/src/com/olf/recon/enums/EndurCashflowType.java",33,"EndurJDEReconciliation.com.olf.recon.enums.EndurCashflowType"
"EndurJDEReconciliation/src/com/olf/recon/enums/EndurEventInfoField.java",33,"EndurJDEReconciliation.com.olf.recon.enums.EndurEventInfoField"
"EndurJDEReconciliation/src/com/olf/recon/enums/EndurDocumentStatus.java",33,"EndurJDEReconciliation.com.olf.recon.enums.EndurDocumentStatus"
"EndurJDEReconciliation/src/com/olf/recon/rb/datasource/ReportEngine.java",33,"EndurJDEReconciliation.com.olf.recon.rb.datasource.ReportEngine"
"EndurJDEReconciliation/src/com/olf/recon/enums/JdeDealExtractField.java",33,"EndurJDEReconciliation.com.olf.recon.enums.JdeDealExtractField"
"EndurJDEReconciliation/src/com/olf/recon/enums/JdeInvoiceExtractField.java",33,"EndurJDEReconciliation.com.olf.recon.enums.JdeInvoiceExtractField"
"EndurJDEReconciliation/src/com/olf/recon/enums/ReportingDeskName.java",33,"EndurJDEReconciliation.com.olf.recon.enums.ReportingDeskName"
"EndurJDEReconciliation/src/com/olf/recon/exception/ReconciliationRuntimeException.java",33,"EndurJDEReconciliation.com.olf.recon.exception.ReconciliationRuntimeException"
"EndurJDEReconciliation/src/com/olf/recon/utils/Util.java",33,"EndurJDEReconciliation.com.olf.recon.utils.Util"
"EndurJDEReconciliation/src/com/olf/recon/rb/datasource/endurdealextract/CommPhys.java",33,"EndurJDEReconciliation.com.olf.recon.rb.datasource.endurdealextract.CommPhys"
"EndurJDEReconciliation/src/com/olf/recon/automatch/output/ParamUSDeals.java",33,"EndurJDEReconciliation.com.olf.recon.automatch.output.ParamUSDeals"
"EndurJDEReconciliation/src/com/olf/recon/automatch/output/ParamHKInvoices.java",33,"EndurJDEReconciliation.com.olf.recon.automatch.output.ParamHKInvoices"
"EndurJDEReconciliation/src/com/olf/recon/automatch/output/ParamHKDeals.java",33,"EndurJDEReconciliation.com.olf.recon.automatch.output.ParamHKDeals"
"EndurJDEReconciliation/src/com/olf/recon/automatch/output/ParamUSInvoices.java",33,"EndurJDEReconciliation.com.olf.recon.automatch.output.ParamUSInvoices"
