"EOD",29,""
"jproject_classpath",8,"EOD/jproject.classpath"
"EOD/src/com/openlink/esp/process/eod/AutoRollOtherDates.java",33,"EOD.com.openlink.esp.process.eod.AutoRollOtherDates"
"EOD/src/com/openlink/esp/process/eod/AutoRollTradingDate.java",33,"EOD.com.openlink.esp.process.eod.AutoRollTradingDate"
"EOD/src/com/openlink/esp/process/eod/SaveAnalysisData.java",33,"EOD.com.openlink.esp.process.eod.SaveAnalysisData"
"EOD/src/com/openlink/esp/process/eod/LoadAllCurves.java",33,"EOD.com.openlink.esp.process.eod.LoadAllCurves"
"EOD/src/com/openlink/esp/process/eod/LoadCloseSaveClose.java",33,"EOD.com.openlink.esp.process.eod.LoadCloseSaveClose"
"EOD/src/com/openlink/esp/process/eod/LoadCloseSaveUniversal.java",33,"EOD.com.openlink.esp.process.eod.LoadCloseSaveUniversal"
"EOD/src/com/openlink/esp/process/eod/LockedDeals.java",33,"EOD.com.openlink.esp.process.eod.LockedDeals"
"EOD/src/com/openlink/esp/process/eod/RestartEngines.java",33,"EOD.com.openlink.esp.process.eod.RestartEngines"
"EOD/src/com/openlink/esp/process/eod/SaveTimeSeries.java",33,"EOD.com.openlink.esp.process.eod.SaveTimeSeries"
"EOD/src/com/openlink/esp/process/eod/SaveHistoricalPrices.java",33,"EOD.com.openlink.esp.process.eod.SaveHistoricalPrices"
"EOD/src/com/openlink/esp/process/eod/SetSucceedEOD.java",33,"EOD.com.openlink.esp.process.eod.SetSucceedEOD"
"EOD/src/com/openlink/esp/process/eod/TestForSucceededEOD.java",33,"EOD.com.openlink.esp.process.eod.TestForSucceededEOD"
"EOD/src/com/openlink/esp/process/eod/WorkflowException.java",33,"EOD.com.openlink.esp.process.eod.WorkflowException"
"EOD/src/com/openlink/estandard/process/eod/BatchSimulation_EoD_M.java",33,"EOD.com.openlink.estandard.process.eod.BatchSimulation_EoD_M"
"EOD/src/com/openlink/esp/process/eod/EOD_JM_LoadCloseSaveClose.java",33,"EOD.com.openlink.esp.process.eod.EOD_JM_LoadCloseSaveClose"
"EOD/src/com/openlink/esp/process/eod/AlterOpsServiceState.java",33,"EOD.com.openlink.esp.process.eod.AlterOpsServiceState"
"EOD/src/com/openlink/esp/process/eod/EOD_JM_LoadCloseSaveUniversal.java",33,"EOD.com.openlink.esp.process.eod.EOD_JM_LoadCloseSaveUniversal"
"EOD/src/com/openlink/esp/process/eod/EOD_JM_LoadAllCurves.java",33,"EOD.com.openlink.esp.process.eod.EOD_JM_LoadAllCurves"
