"EOD_JVS",29,""
"jproject_classpath",8,"EOD_JVS/jproject.classpath"
"EOD_JVS/src/com/jm/eod/common/Const.java",33,"EOD_JVS.com.jm.eod.common.Const"
"EOD_JVS/src/com/jm/eod/reports/EOD_JM_MissingResets.java",33,"EOD_JVS.com.jm.eod.reports.EOD_JM_MissingResets"
"EOD_JVS/src/com/jm/eod/fixings/EOD_JM_US_ResetFixingsPrm.java",33,"EOD_JVS.com.jm.eod.fixings.EOD_JM_US_ResetFixingsPrm"
"EOD_JVS/src/com/jm/eod/reports/EOD_JM_UK_MissingValidationsPrm.java",33,"EOD_JVS.com.jm.eod.reports.EOD_JM_UK_MissingValidationsPrm"
"EOD_JVS/src/com/jm/eod/fixings/EOD_JM_ResetFixings.java",33,"EOD_JVS.com.jm.eod.fixings.EOD_JM_ResetFixings"
"EOD_JVS/src/com/jm/eod/common/Utils.java",33,"EOD_JVS.com.jm.eod.common.Utils"
"EOD_JVS/src/com/jm/eod/reports/EOD_JM_HK_MissingValidationsPrm.java",33,"EOD_JVS.com.jm.eod.reports.EOD_JM_HK_MissingValidationsPrm"
"EOD_JVS/src/com/jm/eod/reports/EOD_JM_US_MissingResetsPrm.java",33,"EOD_JVS.com.jm.eod.reports.EOD_JM_US_MissingResetsPrm"
"EOD_JVS/src/com/jm/eod/reports/EOD_JM_UK_LockedDealsPrm.java",33,"EOD_JVS.com.jm.eod.reports.EOD_JM_UK_LockedDealsPrm"
"EOD_JVS/src/com/jm/eod/common/RegionEnum.java",33,"EOD_JVS.com.jm.eod.common.RegionEnum"
"EOD_JVS/src/com/jm/eod/fixings/EOD_JM_UK_ResetFixingsPrm.java",33,"EOD_JVS.com.jm.eod.fixings.EOD_JM_UK_ResetFixingsPrm"
"EOD_JVS/src/com/jm/eod/mature/EOD_JM_MatureTrades.java",33,"EOD_JVS.com.jm.eod.mature.EOD_JM_MatureTrades"
"EOD_JVS/src/com/jm/eod/reports/EOD_JM_HK_MissingResetsPrm.java",33,"EOD_JVS.com.jm.eod.reports.EOD_JM_HK_MissingResetsPrm"
"EOD_JVS/src/com/jm/eod/reports/EOD_JM_LockedDeals.java",33,"EOD_JVS.com.jm.eod.reports.EOD_JM_LockedDeals"
"EOD_JVS/src/com/jm/eod/reports/EOD_JM_MissingValidations.java",33,"EOD_JVS.com.jm.eod.reports.EOD_JM_MissingValidations"
"EOD_JVS/src/com/jm/eod/reports/EOD_JM_US_LockedDealsPrm.java",33,"EOD_JVS.com.jm.eod.reports.EOD_JM_US_LockedDealsPrm"
"EOD_JVS/src/com/jm/eod/fixings/EOD_JM_HK_ResetFixingsPrm.java",33,"EOD_JVS.com.jm.eod.fixings.EOD_JM_HK_ResetFixingsPrm"
"EOD_JVS/src/com/jm/eod/reports/EOD_JM_HK_LockedDealsPrm.java",33,"EOD_JVS.com.jm.eod.reports.EOD_JM_HK_LockedDealsPrm"
"EOD_JVS/src/com/jm/eod/reports/EOD_JM_UK_MissingResetsPrm.java",33,"EOD_JVS.com.jm.eod.reports.EOD_JM_UK_MissingResetsPrm"
"EOD_JVS/src/com/jm/eod/reports/EOD_JM_US_MissingValidationsPrm.java",33,"EOD_JVS.com.jm.eod.reports.EOD_JM_US_MissingValidationsPrm"
"EOD_JVS/src/com/jm/eod/process/EOD_JM_TpmRestartEngines.java",33,"EOD_JVS.com.jm.eod.process.EOD_JM_TpmRestartEngines"
"EOD_JVS/src/com/jm/eod/closeout/EOD_JM_SavedQueryParamCloseout.java",33,"EOD_JVS.com.jm.eod.closeout.EOD_JM_SavedQueryParamCloseout"
"EOD_JVS/src/com/jm/eod/reports/EOD_Position_Processing.java",33,"EOD_JVS.com.jm.eod.reports.EOD_Position_Processing"
"EOD_JVS/src/com/jm/eod/reports/EOD_JM_UK_MissingResetsToday.java",33,"EOD_JVS.com.jm.eod.reports.EOD_JM_UK_MissingResetsToday"
"EOD_JVS/src/com/jm/eod/reports/EOD_JM_US_MissingResetsAfterFixing.java",33,"EOD_JVS.com.jm.eod.reports.EOD_JM_US_MissingResetsAfterFixing"
"EOD_JVS/src/com/jm/eod/reports/EOD_JM_HK_MissingResetsAfterFixing.java",33,"EOD_JVS.com.jm.eod.reports.EOD_JM_HK_MissingResetsAfterFixing"
"EOD_JVS/src/com/jm/eod/common/Parameters.java",33,"EOD_JVS.com.jm.eod.common.Parameters"
"EOD_JVS/src/com/jm/eod/mature/UnMatureParam.java",33,"EOD_JVS.com.jm.eod.mature.UnMatureParam"
"EOD_JVS/src/com/jm/eod/mature/JM_SavedQueryParam.java",33,"EOD_JVS.com.jm.eod.mature.JM_SavedQueryParam"
"EOD_JVS/src/com/jm/eod/mature/JM_MatureTradesByQid.java",33,"EOD_JVS.com.jm.eod.mature.JM_MatureTradesByQid"
"EOD_JVS/src/com/jm/eod/reports/EOD_JM_HK_MarginBalance.java",33,"EOD_JVS.com.jm.eod.reports.EOD_JM_HK_MarginBalance"
"EOD_JVS/src/com/olf/jm/storageDealManagement/StorageDealManagementParam.java",33,"EOD_JVS.com.olf.jm.storageDealManagement.StorageDealManagementParam"
"EOD_JVS/src/com/jm/eod/fixings/EOD_JM_Historical_Price_Refixing.java",33,"EOD_JVS.com.jm.eod.fixings.EOD_JM_Historical_Price_Refixing"
"EOD_JVS/src/com/jm/eod/reports/EOD_JM_MissingHistPrices.java",33,"EOD_JVS.com.jm.eod.reports.EOD_JM_MissingHistPrices"
"EOD_JVS/src/com/jm/eod/fixings/EOD_JM_ReRun_ResetFixings.java",33,"EOD_JVS.com.jm.eod.fixings.EOD_JM_ReRun_ResetFixings"
"EOD_JVS/src/com/jm/eod/process/AmendDealsHavingWrongTaxRate.java",33,"EOD_JVS.com.jm.eod.process.AmendDealsHavingWrongTaxRate"
"EOD_JVS/src/com/jm/eod/process/AmendDealsHavingWrongPrice.java",33,"EOD_JVS.com.jm.eod.process.AmendDealsHavingWrongPrice"
"EOD_JVS/src/com/jm/eod/process/PaymentDateAlertForMetalSwaps.java",33,"EOD_JVS.com.jm.eod.process.PaymentDateAlertForMetalSwaps"
"EOD_JVS/src/com/jm/eod/process/PaymentDateAlertParamHK.java",33,"EOD_JVS.com.jm.eod.process.PaymentDateAlertParamHK"
"EOD_JVS/src/com/jm/eod/process/PaymentDateAlertParamUK.java",33,"EOD_JVS.com.jm.eod.process.PaymentDateAlertParamUK"
"EOD_JVS/src/com/jm/eod/process/PaymentDateAlertParamUS.java",33,"EOD_JVS.com.jm.eod.process.PaymentDateAlertParamUS"
"EOD_JVS/src/com/jm/eod/fixings/EOD_JM_CN_ResetFixingsPrm.java",33,"EOD_JVS.com.jm.eod.fixings.EOD_JM_CN_ResetFixingsPrm"
"EOD_JVS/src/com/jm/eod/reports/EOD_JM_CN_MissingResetsAfterFixing.java",33,"EOD_JVS.com.jm.eod.reports.EOD_JM_CN_MissingResetsAfterFixing"
"EOD_JVS/src/com/jm/eod/reports/EOD_JM_CN_MissingValidationsPrm.java",33,"EOD_JVS.com.jm.eod.reports.EOD_JM_CN_MissingValidationsPrm"
"EOD_JVS/src/com/jm/eod/reports/EOD_JM_CN_MissingResetsPrm.java",33,"EOD_JVS.com.jm.eod.reports.EOD_JM_CN_MissingResetsPrm"
"EOD_JVS/src/com/jm/eod/reports/EOD_JM_CN_LockedDealsPrm.java",33,"EOD_JVS.com.jm.eod.reports.EOD_JM_CN_LockedDealsPrm"
