"FIXCustomPlugins",29,""
"jproject_classpath",8,"FIXCustomPlugins/jproject.classpath"
"FIXCustomPlugins/src/com/olf/cxplugins/adapter/fixgateway/CXFIXCustomBizInclude.java",33,"FIXCustomPlugins.com.olf.cxplugins.adapter.fixgateway.CXFIXCustomBizInclude",13
"FIXCustomPlugins/src/com/olf/cxplugins/adapter/fixgateway/CXFIXScriptClassLoader.java",33,"FIXCustomPlugins.com.olf.cxplugins.adapter.fixgateway.CXFIXScriptClassLoader",13
"FIXCustomPlugins/src/com/olf/cxplugins/adapter/fixgateway/FIXCustomProcessFIXInclude.java",33,"FIXCustomPlugins.com.olf.cxplugins.adapter.fixgateway.FIXCustomProcessFIXInclude",13
"FIXCustomPlugins/src/com/olf/cxplugins/adapter/fixgateway/FIXCustomPushInclude.java",33,"FIXCustomPlugins.com.olf.cxplugins.adapter.fixgateway.FIXCustomPushInclude",13
"FIXCustomPlugins/src/com/olf/jm/fixGateway/fieldMapper/InternalPortfolioFieldMapper.java",33,"FIXCustomPlugins.com.olf.jm.fixGateway.fieldMapper.InternalPortfolioFieldMapper"
"FIXCustomPlugins/src/com/olf/jm/fixGateway/fieldMapper/OrderIdFieldMapper.java",33,"FIXCustomPlugins.com.olf.jm.fixGateway.fieldMapper.OrderIdFieldMapper"
"FIXCustomPlugins/src/com/olf/jm/fixGateway/fieldMapper/PositionFieldMapper.java",33,"FIXCustomPlugins.com.olf.jm.fixGateway.fieldMapper.PositionFieldMapper"
"FIXCustomPlugins/src/com/olf/jm/fixGateway/messageMapper/MessageMapper.java",33,"FIXCustomPlugins.com.olf.jm.fixGateway.messageMapper.MessageMapper"
"FIXCustomPlugins/src/com/olf/jm/fixGateway/fieldMapper/InternalBunitFieldMapper.java",33,"FIXCustomPlugins.com.olf.jm.fixGateway.fieldMapper.InternalBunitFieldMapper"
"FIXCustomPlugins/src/com/olf/jm/fixGateway/messageProcessor/MessageProcessorBase.java",33,"FIXCustomPlugins.com.olf.jm.fixGateway.messageProcessor.MessageProcessorBase"
"FIXCustomPlugins/src/com/olf/jm/fixGateway/fieldMapper/ReferenceFieldMapper.java",33,"FIXCustomPlugins.com.olf.jm.fixGateway.fieldMapper.ReferenceFieldMapper"
"FIXCustomPlugins/src/com/olf/jm/fixGateway/messageProcessor/TradeBookMessageProcessor.java",33,"FIXCustomPlugins.com.olf.jm.fixGateway.messageProcessor.TradeBookMessageProcessor"
"FIXCustomPlugins/src/com/olf/jm/fixGateway/fieldMapper/TradeDateFieldMapper.java",33,"FIXCustomPlugins.com.olf.jm.fixGateway.fieldMapper.TradeDateFieldMapper"
"FIXCustomPlugins/src/com/olf/jm/fixGateway/fieldMapper/ToolsetFieldMapper.java",33,"FIXCustomPlugins.com.olf.jm.fixGateway.fieldMapper.ToolsetFieldMapper"
"FIXCustomPlugins/src/com/olf/jm/fixGateway/fieldMapper/InsTypeFieldMapper.java",33,"FIXCustomPlugins.com.olf.jm.fixGateway.fieldMapper.InsTypeFieldMapper"
"FIXCustomPlugins/src/com/olf/jm/fixGateway/fieldMapper/ExecutionIdFieldMapper.java",33,"FIXCustomPlugins.com.olf.jm.fixGateway.fieldMapper.ExecutionIdFieldMapper"
"FIXCustomPlugins/src/com/olf/jm/fixGateway/messageProcessor/MessageProcessor.java",33,"FIXCustomPlugins.com.olf.jm.fixGateway.messageProcessor.MessageProcessor"
"FIXCustomPlugins/src/com/olf/jm/fixGateway/fieldMapper/TradeStatusFieldMapper.java",33,"FIXCustomPlugins.com.olf.jm.fixGateway.fieldMapper.TradeStatusFieldMapper"
"FIXCustomPlugins/src/com/olf/jm/fixGateway/fieldMapper/FieldMapper.java",33,"FIXCustomPlugins.com.olf.jm.fixGateway.fieldMapper.FieldMapper"
"FIXCustomPlugins/src/com/olf/jm/fixGateway/fieldMapper/BuySellFieldMapper.java",33,"FIXCustomPlugins.com.olf.jm.fixGateway.fieldMapper.BuySellFieldMapper"
"FIXCustomPlugins/src/com/olf/jm/fixGateway/fieldMapper/ExternalBunitFieldMapper.java",33,"FIXCustomPlugins.com.olf.jm.fixGateway.fieldMapper.ExternalBunitFieldMapper"
"FIXCustomPlugins/src/com/olf/jm/fixGateway/fieldMapper/ProjectionIndexFieldMapper.java",33,"FIXCustomPlugins.com.olf.jm.fixGateway.fieldMapper.ProjectionIndexFieldMapper"
"FIXCustomPlugins/src/com/olf/jm/fixGateway/fieldMapper/TickerFieldMapper.java",33,"FIXCustomPlugins.com.olf.jm.fixGateway.fieldMapper.TickerFieldMapper"
"FIXCustomPlugins/src/com/olf/jm/fixGateway/fieldMapper/FieldMapperException.java",33,"FIXCustomPlugins.com.olf.jm.fixGateway.fieldMapper.FieldMapperException"
"FIXCustomPlugins/src/com/olf/jm/fixGateway/fieldMapper/PriceFieldMapper.java",33,"FIXCustomPlugins.com.olf.jm.fixGateway.fieldMapper.PriceFieldMapper"
"FIXCustomPlugins/src/com/olf/jm/fixGateway/fieldMapper/InternalContactFieldMapper.java",33,"FIXCustomPlugins.com.olf.jm.fixGateway.fieldMapper.InternalContactFieldMapper"
"FIXCustomPlugins/src/com/olf/jm/fixGateway/messageMapper/MessageMapperException.java",33,"FIXCustomPlugins.com.olf.jm.fixGateway.messageMapper.MessageMapperException"
"FIXCustomPlugins/src/com/olf/jm/fixGateway/fieldMapper/FieldMapperBase.java",33,"FIXCustomPlugins.com.olf.jm.fixGateway.fieldMapper.FieldMapperBase"
"FIXCustomPlugins/src/com/olf/jm/fixGateway/fieldMapper/fields/FixField.java",33,"FIXCustomPlugins.com.olf.jm.fixGateway.fieldMapper.fields.FixField"
"FIXCustomPlugins/src/com/olf/jm/fixGateway/fieldMapper/fields/EnumExecutionReport.java",33,"FIXCustomPlugins.com.olf.jm.fixGateway.fieldMapper.fields.EnumExecutionReport"
"FIXCustomPlugins/src/com/olf/jm/fixGateway/fieldMapper/fields/EnumInstrumentTags.java",33,"FIXCustomPlugins.com.olf.jm.fixGateway.fieldMapper.fields.EnumInstrumentTags"
"FIXCustomPlugins/src/com/olf/jm/fixGateway/messageMapper/TradeBookMessageMapper.java",33,"FIXCustomPlugins.com.olf.jm.fixGateway.messageMapper.TradeBookMessageMapper"
"FIXCustomPlugins/src/com/olf/jm/fixGateway/messageAcceptor/MessageAcceptor.java",33,"FIXCustomPlugins.com.olf.jm.fixGateway.messageAcceptor.MessageAcceptor"
"FIXCustomPlugins/src/com/olf/jm/fixGateway/messageAcceptor/MessageAcceptorException.java",33,"FIXCustomPlugins.com.olf.jm.fixGateway.messageAcceptor.MessageAcceptorException"
"FIXCustomPlugins/src/com/olf/jm/fixGateway/fieldUtils/FixMessageHelper.java",33,"FIXCustomPlugins.com.olf.jm.fixGateway.fieldUtils.FixMessageHelper"
"FIXCustomPlugins/src/com/olf/jm/fixGateway/messageAcceptor/TradeBookMsgAcceptor.java",33,"FIXCustomPlugins.com.olf.jm.fixGateway.messageAcceptor.TradeBookMsgAcceptor"
"FIXCustomPlugins/src/com/olf/jm/fixGateway/fieldMapper/ExternalContactFieldMapper.java",33,"FIXCustomPlugins.com.olf.jm.fixGateway.fieldMapper.ExternalContactFieldMapper"
