"JDE_ExtractStamp",29,""
"jproject_classpath",8,"JDE_ExtractStamp/jproject.classpath"
"JDE_ExtractStamp/src/com/matthey/openlink/accounting/ops/BlockTradeAmendment.java",7,"JDE_ExtractStamp.com.matthey.openlink.accounting.ops.BlockTradeAmendment",14
"JDE_ExtractStamp/src/com/matthey/openlink/reporting/ops/Sent2GLStamp.java",7,"JDE_ExtractStamp.com.matthey.openlink.reporting.ops.Sent2GLStamp",10023
"JDE_ExtractStamp/src/com/matthey/openlink/accounting/ops/DocumentChange.java",7,"JDE_ExtractStamp.com.matthey.openlink.accounting.ops.DocumentChange",87
"JDE_ExtractStamp/src/com/matthey/openlink/userTable/UserTableUtils.java",7,"JDE_ExtractStamp.com.matthey.openlink.userTable.UserTableUtils"
"JDE_ExtractStamp/src/com/matthey/openlink/config/ConfigurationItemDocumentChange.java",7,"JDE_ExtractStamp.com.matthey.openlink.config.ConfigurationItemDocumentChange"
"JDE_ExtractStamp/src/com/matthey/openlink/enums/EnumUserJmSlDocTracking.java",7,"JDE_ExtractStamp.com.matthey.openlink.enums.EnumUserJmSlDocTracking"
"JDE_ExtractStamp/src/com/matthey/openlink/config/ConfigurationItemSent2GLStamp.java",7,"JDE_ExtractStamp.com.matthey.openlink.config.ConfigurationItemSent2GLStamp"
"JDE_ExtractStamp/src/com/matthey/openlink/config/IConstRepItem.java",7,"JDE_ExtractStamp.com.matthey.openlink.config.IConstRepItem"
"JDE_ExtractStamp/src/com/matthey/openlink/enums/ITableColumn.java",7,"JDE_ExtractStamp.com.matthey.openlink.enums.ITableColumn"
"JDE_ExtractStamp/src/com/matthey/openlink/stamping/DocumentTracker.java",7,"JDE_ExtractStamp.com.matthey.openlink.stamping.DocumentTracker"
"JDE_ExtractStamp/src/com/matthey/openlink/stamping/StampLedger.java",7,"JDE_ExtractStamp.com.matthey.openlink.stamping.StampLedger"
"JDE_ExtractStamp/src/com/matthey/openlink/stamping/StampTransactions.java",7,"JDE_ExtractStamp.com.matthey.openlink.stamping.StampTransactions"
"JDE_ExtractStamp/src/com/matthey/openlink/stamping/LedgerStatus.java",7,"JDE_ExtractStamp.com.matthey.openlink.stamping.LedgerStatus"
"JDE_ExtractStamp/src/com/matthey/openlink/stamping/StampDocuments.java",7,"JDE_ExtractStamp.com.matthey.openlink.stamping.StampDocuments"
"JDE_ExtractStamp/src/com/matthey/openlink/stamping/DocumentTrackerDao.java",7,"JDE_ExtractStamp.com.matthey.openlink.stamping.DocumentTrackerDao"
"JDE_ExtractStamp/src/com/matthey/openlink/stamping/DocumentTrackerTable.java",7,"JDE_ExtractStamp.com.matthey.openlink.stamping.DocumentTrackerTable"
"JDE_ExtractStamp/src/com/matthey/openlink/stamping/StampingException.java",7,"JDE_ExtractStamp.com.matthey.openlink.stamping.StampingException"
"JDE_ExtractStamp/src/com/matthey/openlink/accounting/ops/ProfileKey.java",7,"JDE_ExtractStamp.com.matthey.openlink.accounting.ops.ProfileKey"
"JDE_ExtractStamp/src/com/matthey/openlink/accounting/ops/ProfileObj.java",7,"JDE_ExtractStamp.com.matthey.openlink.accounting.ops.ProfileObj"
"JDE_ExtractStamp/src/com/matthey/openlink/accounting/ops/ResetKey.java",7,"JDE_ExtractStamp.com.matthey.openlink.accounting.ops.ResetKey"
"JDE_ExtractStamp/src/com/matthey/openlink/accounting/ops/ResetObj.java",7,"JDE_ExtractStamp.com.matthey.openlink.accounting.ops.ResetObj"
"JDE_ExtractStamp/src/com/matthey/openlink/accounting/ops/TranFieldKey.java",7,"JDE_ExtractStamp.com.matthey.openlink.accounting.ops.TranFieldKey"
