"JM_BackOffice",29,""
"jproject_classpath",8,"JM_BackOffice/jproject.classpath"
"JM_BackOffice/src/com/openlink/jm/bo/JM_CustGenSet_Confirms.java",33,"JM_BackOffice.com.openlink.jm.bo.JM_CustGenSet_Confirms",10
"JM_BackOffice/src/com/openlink/jm/bo/JM_CustGenSet_Invoices.java",33,"JM_BackOffice.com.openlink.jm.bo.JM_CustGenSet_Invoices",10
"JM_BackOffice/src/com/openlink/jm/bo/JM_CustGenSet_Nettings.java",33,"JM_BackOffice.com.openlink.jm.bo.JM_CustGenSet_Nettings",10
"JM_BackOffice/src/com/openlink/jm/bo/JM_DL_Confirms.java",33,"JM_BackOffice.com.openlink.jm.bo.JM_DL_Confirms",12
"JM_BackOffice/src/com/openlink/jm/bo/JM_GEN_DocNumbering.java",33,"JM_BackOffice.com.openlink.jm.bo.JM_GEN_DocNumbering",10
"JM_BackOffice/src/com/openlink/jm/bo/JM_MOD_Custom.java",33,"JM_BackOffice.com.openlink.jm.bo.JM_MOD_Custom",10
"JM_BackOffice/src/com/openlink/jm/bo/JM_DL_Metal.java",33,"JM_BackOffice.com.openlink.jm.bo.JM_DL_Metal",12
"JM_BackOffice/src/com/openlink/jm/bo/JM_OUT_DocOutput.java",33,"JM_BackOffice.com.openlink.jm.bo.JM_OUT_DocOutput",11
"JM_BackOffice/src/com/openlink/jm/bo/JM_OUT_DocOutput_wMail.java",33,"JM_BackOffice.com.openlink.jm.bo.JM_OUT_DocOutput_wMail",11
"JM_BackOffice/src/com/openlink/sc/bo/docproc/OLI_MOD_MetalSettle.java",33,"JM_BackOffice.com.openlink.sc.bo.docproc.OLI_MOD_MetalSettle",141
"JM_BackOffice/src/com/openlink/sc/bo/docproc/OLI_DL_Netting.java",33,"JM_BackOffice.com.openlink.sc.bo.docproc.OLI_DL_Netting",12
"JM_BackOffice/src/com/openlink/sc/bo/docproc/OLI_GEN_Netting.java",33,"JM_BackOffice.com.openlink.sc.bo.docproc.OLI_GEN_Netting",10
"JM_BackOffice/src/com/openlink/sc/bo/docproc/JM_DL_Netting.java",33,"JM_BackOffice.com.openlink.sc.bo.docproc.JM_DL_Netting",12
"JM_BackOffice/src/com/openlink/sc/bo/docproc/JM_GEN_Netting.java",33,"JM_BackOffice.com.openlink.sc.bo.docproc.JM_GEN_Netting",10
"JM_BackOffice/src/com/openlink/jm/bo/JM_MOD_PricingDetails.java",33,"JM_BackOffice.com.openlink.jm.bo.JM_MOD_PricingDetails",10
"JM_BackOffice/src/com/openlink/jm/bo/JM_MOD_FXSwap.java",33,"JM_BackOffice.com.openlink.jm.bo.JM_MOD_FXSwap",141
"JM_BackOffice/src/com/openlink/jm/bo/JM_GEN_Output_Param.java",33,"JM_BackOffice.com.openlink.jm.bo.JM_GEN_Output_Param",10
"JM_BackOffice/src/com/openlink/jm/bo/JM_MOD_SapMetalTransfer.java",33,"JM_BackOffice.com.openlink.jm.bo.JM_MOD_SapMetalTransfer",141
"JM_BackOffice/src/com/openlink/sc/bo/docnums/OLI_GEN_DocNumbering.java",33,"JM_BackOffice.com.openlink.sc.bo.docnums.OLI_GEN_DocNumbering",10
"JM_BackOffice/src/com/openlink/jm/bo/JM_AutomatedInvoiceProcessing.java",33,"JM_BackOffice.com.openlink.jm.bo.JM_AutomatedInvoiceProcessing"
"JM_BackOffice/src/com/openlink/jm/bo/JM_AutomatedConfirmationProcessing.java",33,"JM_BackOffice.com.openlink.jm.bo.JM_AutomatedConfirmationProcessing"
"JM_BackOffice/src/com/openlink/jm/bo/JM_AutomatedInvoiceEOD_US_Processing.java",33,"JM_BackOffice.com.openlink.jm.bo.JM_AutomatedInvoiceEOD_US_Processing"
"JM_BackOffice/src/com/openlink/jm/bo/JM_AutomatedDocumentProcessing.java",33,"JM_BackOffice.com.openlink.jm.bo.JM_AutomatedDocumentProcessing",10
"JM_BackOffice/src/com/openlink/jm/bo/JM_AutomatedInvoiceEOD_UKSA_Processing.java",33,"JM_BackOffice.com.openlink.jm.bo.JM_AutomatedInvoiceEOD_UKSA_Processing"
"JM_BackOffice/src/com/openlink/jm/bo/JM_AutomatedInvoiceEOD_HK_Processing.java",33,"JM_BackOffice.com.openlink.jm.bo.JM_AutomatedInvoiceEOD_HK_Processing"
"JM_BackOffice/src/com/openlink/jm/bo/JM_MOD_FixFloat.java",33,"JM_BackOffice.com.openlink.jm.bo.JM_MOD_FixFloat",10
"JM_BackOffice/src/com/openlink/sc/bo/docproc/OLI_MOD_Generic.java",33,"JM_BackOffice.com.openlink.sc.bo.docproc.OLI_MOD_Generic",141
"JM_BackOffice/src/com/openlink/sc/bo/docproc/JM_MOD_PartyData.java",33,"JM_BackOffice.com.openlink.sc.bo.docproc.JM_MOD_PartyData",141
"JM_BackOffice/src/com/openlink/esp/migration/app/gui/BO_GUI_confirm_additional_wording.java",33,"JM_BackOffice.com.openlink.esp.migration.app.gui.BO_GUI_confirm_additional_wording"
"JM_BackOffice/src/com/openlink/esp/migration/app/gui/BO_GUI_confirm_customer_wording.java",33,"JM_BackOffice.com.openlink.esp.migration.app.gui.BO_GUI_confirm_customer_wording"
"JM_BackOffice/src/com/openlink/jm/bo/JM_AutomatedConfirmationProcessing_03.java",33,"JM_BackOffice.com.openlink.jm.bo.JM_AutomatedConfirmationProcessing_03"
"JM_BackOffice/src/com/openlink/jm/bo/JM_AutomatedConfirmationProcessing_04.java",33,"JM_BackOffice.com.openlink.jm.bo.JM_AutomatedConfirmationProcessing_04"
"JM_BackOffice/src/com/openlink/jm/bo/JM_AutomatedConfirmationProcessing_01.java",33,"JM_BackOffice.com.openlink.jm.bo.JM_AutomatedConfirmationProcessing_01"
"JM_BackOffice/src/com/openlink/jm/bo/JM_AutomatedConfirmationProcessing_02.java",33,"JM_BackOffice.com.openlink.jm.bo.JM_AutomatedConfirmationProcessing_02"
"JM_BackOffice/src/com/openlink/jm/bo/JM_AutomatedInvoiceProcessing_01.java",33,"JM_BackOffice.com.openlink.jm.bo.JM_AutomatedInvoiceProcessing_01"
"JM_BackOffice/src/com/openlink/jm/bo/JM_AutomatedInvoiceProcessing_02.java",33,"JM_BackOffice.com.openlink.jm.bo.JM_AutomatedInvoiceProcessing_02"
"JM_BackOffice/src/com/openlink/jm/bo/JM_AutomatedConfirmationProcessing_00.java",33,"JM_BackOffice.com.openlink.jm.bo.JM_AutomatedConfirmationProcessing_00"
"JM_BackOffice/src/com/openlink/jm/bo/JM_AutomatedInvoiceEOD_CN_Processing.java",33,"JM_BackOffice.com.openlink.jm.bo.JM_AutomatedInvoiceEOD_CN_Processing"
"JM_BackOffice/src/com/openlink/jm/bo/JM_MOD_SettleTaxData.java",33,"JM_BackOffice.com.openlink.jm.bo.JM_MOD_SettleTaxData",141
"JM_BackOffice/src/com/openlink/jm/bo/JM_MOD_SettleInfo.java",33,"JM_BackOffice.com.openlink.jm.bo.JM_MOD_SettleInfo",141
