"JM_LIMS_Interface",29,""
"jproject_classpath",8,"JM_LIMS_Interface/jproject.classpath"
"JM_LIMS_Interface/src/com/olf/jm/interfaces/lims/model/RelevantUserTables.java",7,"JM_LIMS_Interface.com.olf.jm.interfaces.lims.model.RelevantUserTables"
"JM_LIMS_Interface/src/com/olf/jm/interfaces/lims/model/MeasureDetails.java",7,"JM_LIMS_Interface.com.olf.jm.interfaces.lims.model.MeasureDetails"
"JM_LIMS_Interface/src/com/olf/jm/interfaces/lims/model/MeasuresWithSource.java",7,"JM_LIMS_Interface.com.olf.jm.interfaces.lims.model.MeasuresWithSource"
"JM_LIMS_Interface/src/com/olf/jm/interfaces/lims/model/OperationModeType.java",7,"JM_LIMS_Interface.com.olf.jm.interfaces.lims.model.OperationModeType",146
"JM_LIMS_Interface/src/com/olf/jm/interfaces/lims/model/ConfigurationItem.java",7,"JM_LIMS_Interface.com.olf.jm.interfaces.lims.model.ConfigurationItem"
"JM_LIMS_Interface/src/com/olf/jm/interfaces/lims/model/Pair.java",7,"JM_LIMS_Interface.com.olf.jm.interfaces.lims.model.Pair",146
"JM_LIMS_Interface/src/com/olf/jm/interfaces/lims/model/RelNomField.java",7,"JM_LIMS_Interface.com.olf.jm.interfaces.lims.model.RelNomField",146
"JM_LIMS_Interface/src/com/olf/jm/interfaces/lims/model/LIMSServer.java",7,"JM_LIMS_Interface.com.olf.jm.interfaces.lims.model.LIMSServer"
"JM_LIMS_Interface/src/com/olf/jm/interfaces/lims/model/MeasureSource.java",7,"JM_LIMS_Interface.com.olf.jm.interfaces.lims.model.MeasureSource"
"JM_LIMS_Interface/src/com/olf/jm/interfaces/lims/model/MetalProductTestTableCols.java",7,"JM_LIMS_Interface.com.olf.jm.interfaces.lims.model.MetalProductTestTableCols"
"JM_LIMS_Interface/src/com/olf/jm/interfaces/lims/model/OperationMode.java",7,"JM_LIMS_Interface.com.olf.jm.interfaces.lims.model.OperationMode"
"JM_LIMS_Interface/src/com/olf/jm/interfaces/lims/app/JMNomBookingLIM.java",7,"JM_LIMS_Interface.com.olf.jm.interfaces.lims.app.JMNomBookingLIM",49
"JM_LIMS_Interface/src/com/olf/jm/interfaces/lims/persistence/LIMSRemoteInterface.java",7,"JM_LIMS_Interface.com.olf.jm.interfaces.lims.persistence.LIMSRemoteInterface"
"JM_LIMS_Interface/src/com/olf/jm/interfaces/lims/persistence/ConnectionExternal.java",7,"JM_LIMS_Interface.com.olf.jm.interfaces.lims.persistence.ConnectionExternal"
"JM_LIMS_Interface/src/com/olf/jm/interfaces/lims/model/UserTableColumn.java",7,"JM_LIMS_Interface.com.olf.jm.interfaces.lims.model.UserTableColumn"
"JM_LIMS_Interface/src/com/olf/jm/interfaces/lims/model/MeasurementUnits.java",7,"JM_LIMS_Interface.com.olf.jm.interfaces.lims.model.MeasurementUnits"
"JM_LIMS_Interface/src/com/olf/jm/interfaces/lims/persistence/LIMSLocalInterface.java",7,"JM_LIMS_Interface.com.olf.jm.interfaces.lims.persistence.LIMSLocalInterface"
"JM_LIMS_Interface/src/com/olf/jm/interfaces/lims/model/UserTable.java",7,"JM_LIMS_Interface.com.olf.jm.interfaces.lims.model.UserTable"
"JM_LIMS_Interface/src/com/olf/jm/interfaces/lims/model/ConstRepItem.java",7,"JM_LIMS_Interface.com.olf.jm.interfaces.lims.model.ConstRepItem"
"JM_LIMS_Interface/src/com/olf/jm/interfaces/lims/model/OverridableException.java",7,"JM_LIMS_Interface.com.olf.jm.interfaces.lims.model.OverridableException"
"JM_LIMS_Interface/src/com/olf/jm/interfaces/lims/app/JMNomfieldLIMSHelper.java",7,"JM_LIMS_Interface.com.olf.jm.interfaces.lims.app.JMNomfieldLIMSHelper",146
"JM_LIMS_Interface/src/com/olf/jm/interfaces/lims/app/JMNomInitialLIMS.java",7,"JM_LIMS_Interface.com.olf.jm.interfaces.lims.app.JMNomInitialLIMS",156
"JM_LIMS_Interface/src/com/olf/jm/interfaces/lims/persistence/LIMSOpsInterface.java",7,"JM_LIMS_Interface.com.olf.jm.interfaces.lims.persistence.LIMSOpsInterface"
