"JM_PnL",29,""
"jproject_classpath",8,"JM_PnL/jproject.classpath"
"JM_PnL/src/com/matthey/openlink/pnl/PNL_UserTableHandler.java",33,"JM_PnL.com.matthey.openlink.pnl.PNL_UserTableHandler"
"JM_PnL/src/com/matthey/openlink/pnl/COG_PNL_Deal_Entry.java",33,"JM_PnL.com.matthey.openlink.pnl.COG_PNL_Deal_Entry"
"JM_PnL/src/com/matthey/openlink/pnl/COG_PNL_Trading_Position_History.java",33,"JM_PnL.com.matthey.openlink.pnl.COG_PNL_Trading_Position_History"
"JM_PnL/src/com/matthey/openlink/pnl/PNL_MarketDataRecorder.java",33,"JM_PnL.com.matthey.openlink.pnl.PNL_MarketDataRecorder",5
"JM_PnL/src/com/matthey/openlink/pnl/PNL_ReportEngine.java",33,"JM_PnL.com.matthey.openlink.pnl.PNL_ReportEngine"
"JM_PnL/src/com/matthey/openlink/pnl/COG_PNL_Grouping.java",33,"JM_PnL.com.matthey.openlink.pnl.COG_PNL_Grouping"
"JM_PnL/src/com/matthey/openlink/pnl/PNL_MarketDataEntry.java",33,"JM_PnL.com.matthey.openlink.pnl.PNL_MarketDataEntry"
"JM_PnL/src/com/matthey/openlink/pnl/MTL_Position_UDSR.java",33,"JM_PnL.com.matthey.openlink.pnl.MTL_Position_UDSR",16
"JM_PnL/src/com/matthey/openlink/pnl/COG_PNL_Trading_Position_Entry.java",33,"JM_PnL.com.matthey.openlink.pnl.COG_PNL_Trading_Position_Entry"
"JM_PnL/src/com/matthey/openlink/pnl/MTL_Position_Enums.java",33,"JM_PnL.com.matthey.openlink.pnl.MTL_Position_Enums"
"JM_PnL/src/com/matthey/openlink/pnl/PNL_Report_Accrued_Interest.java",33,"JM_PnL.com.matthey.openlink.pnl.PNL_Report_Accrued_Interest"
"JM_PnL/src/com/matthey/openlink/pnl/PNL_Report_Summary.java",33,"JM_PnL.com.matthey.openlink.pnl.PNL_Report_Summary"
"JM_PnL/src/com/matthey/openlink/pnl/PNL_EntryDataUniqueID.java",33,"JM_PnL.com.matthey.openlink.pnl.PNL_EntryDataUniqueID"
"JM_PnL/src/com/matthey/openlink/pnl/Basic_PNL_Aggregator.java",33,"JM_PnL.com.matthey.openlink.pnl.Basic_PNL_Aggregator"
"JM_PnL/src/com/matthey/openlink/pnl/MTL_Position_Utilities.java",33,"JM_PnL.com.matthey.openlink.pnl.MTL_Position_Utilities"
"JM_PnL/src/com/matthey/openlink/pnl/Interest_PNL_Aggregator.java",33,"JM_PnL.com.matthey.openlink.pnl.Interest_PNL_Aggregator"
"JM_PnL/src/com/matthey/openlink/pnl/PNL_Report_Trading_Position_History.java",33,"JM_PnL.com.matthey.openlink.pnl.PNL_Report_Trading_Position_History"
"JM_PnL/src/com/matthey/openlink/pnl/CVaR_ReportEngine.java",33,"JM_PnL.com.matthey.openlink.pnl.CVaR_ReportEngine"
"JM_PnL/src/com/matthey/openlink/pnl/PNL_Report_Position_Limit.java",33,"JM_PnL.com.matthey.openlink.pnl.PNL_Report_Position_Limit"
"JM_PnL/src/com/matthey/openlink/pnl/CVaR_Details_Report.java",33,"JM_PnL.com.matthey.openlink.pnl.CVaR_Details_Report"
"JM_PnL/src/com/matthey/openlink/pnl/CVaR_Summary_Report.java",33,"JM_PnL.com.matthey.openlink.pnl.CVaR_Summary_Report"
"JM_PnL/src/com/matthey/openlink/pnl/PNL_Report_Funding_PNL.java",33,"JM_PnL.com.matthey.openlink.pnl.PNL_Report_Funding_PNL"
"JM_PnL/src/com/matthey/openlink/pnl/CVaR_SaveAnalysisConfig.java",33,"JM_PnL.com.matthey.openlink.pnl.CVaR_SaveAnalysisConfig"
"JM_PnL/src/com/matthey/openlink/pnl/PNL_MarketDataRecorderMigr.java",33,"JM_PnL.com.matthey.openlink.pnl.PNL_MarketDataRecorderMigr",5
"JM_PnL/src/com/matthey/openlink/pnl/ConfigurationItem.java",33,"JM_PnL.com.matthey.openlink.pnl.ConfigurationItem"
"JM_PnL/src/com/matthey/openlink/pnl/ConstRepItem.java",33,"JM_PnL.com.matthey.openlink.pnl.ConstRepItem"
"JM_PnL/src/com/matthey/openlink/pnl/ConfigurationItemPnl.java",33,"JM_PnL.com.matthey.openlink.pnl.ConfigurationItemPnl"
"JM_PnL/src/com/matthey/openlink/pnl/PNL_BusinessUnitMapper.java",33,"JM_PnL.com.matthey.openlink.pnl.PNL_BusinessUnitMapper"
"JM_PnL/src/com/matthey/openlink/pnl/PNL_FixingsMarketDataRecorder.java",33,"JM_PnL.com.matthey.openlink.pnl.PNL_FixingsMarketDataRecorder",5
"JM_PnL/src/com/matthey/openlink/jde_extract/JDE_Extract_Common.java",33,"JM_PnL.com.matthey.openlink.jde_extract.JDE_Extract_Common"
"JM_PnL/src/com/matthey/openlink/pnl/PNL_Backfill_Market_Data.java",33,"JM_PnL.com.matthey.openlink.pnl.PNL_Backfill_Market_Data"
"JM_PnL/src/com/matthey/openlink/jde_extract/udsr/JDE_Extract_Data.java",33,"JM_PnL.com.matthey.openlink.jde_extract.udsr.JDE_Extract_Data",16
"JM_PnL/src/com/matthey/openlink/jde_extract/udsr/JDE_Extract_Data_Swaps.java",33,"JM_PnL.com.matthey.openlink.jde_extract.udsr.JDE_Extract_Data_Swaps",16
"JM_PnL/src/com/matthey/openlink/jde_extract/JDE_UserTableHandler.java",33,"JM_PnL.com.matthey.openlink.jde_extract.JDE_UserTableHandler"
"JM_PnL/src/com/matthey/openlink/jde_extract/udsr/JDE_Extract_Data_Fixed_Deals.java",33,"JM_PnL.com.matthey.openlink.jde_extract.udsr.JDE_Extract_Data_Fixed_Deals",16
"JM_PnL/src/com/matthey/openlink/jde_extract/JDE_Data_Manager.java",33,"JM_PnL.com.matthey.openlink.jde_extract.JDE_Data_Manager"
"JM_PnL/src/com/matthey/openlink/jde_extract/JDE_Data_Migration.java",33,"JM_PnL.com.matthey.openlink.jde_extract.JDE_Data_Migration"
"JM_PnL/src/com/matthey/openlink/pnl/PNL_Handle_Intraday_Fixing.java",33,"JM_PnL.com.matthey.openlink.pnl.PNL_Handle_Intraday_Fixing"
