"LimitsReporting",29,""
"jproject_classpath",8,"LimitsReporting/jproject.classpath"
"LimitsReporting/src/main/java/com/matthey/pmm/limits/reporting/LimitsReportingSummaryWrapper.java",7,"LimitsReporting.com.matthey.pmm.limits.reporting.LimitsReportingSummaryWrapper",0
"LimitsReporting/src/main/java/com/matthey/pmm/limits/reporting/LimitsReportingEODWrapper.java",7,"LimitsReporting.com.matthey.pmm.limits.reporting.LimitsReportingEODWrapper",0
"LimitsReporting/src/main/java/com/matthey/pmm/limits/reporting/LimitsReportingIntradayWrapper.java",7,"LimitsReporting.com.matthey.pmm.limits.reporting.LimitsReportingIntradayWrapper",0
"LimitsReporting/src/main/java/com/matthey/pmm/limits/reporting/translated/LimitsReportingEODChecker.java",7,"LimitsReporting.com.matthey.pmm.limits.reporting.translated.LimitsReportingEODChecker",0
"LimitsReporting/src/main/java/com/matthey/pmm/limits/reporting/translated/LeaseDeal.java",7,"LimitsReporting.com.matthey.pmm.limits.reporting.translated.LeaseDeal",0
"LimitsReporting/src/main/java/com/matthey/pmm/limits/reporting/translated/DealingLimitChecker.java",7,"LimitsReporting.com.matthey.pmm.limits.reporting.translated.DealingLimitChecker",0
"LimitsReporting/src/main/java/com/matthey/pmm/limits/reporting/translated/EmailSender.java",7,"LimitsReporting.com.matthey.pmm.limits.reporting.translated.EmailSender",0
"LimitsReporting/src/main/java/com/matthey/pmm/limits/reporting/translated/DealingLimit.java",7,"LimitsReporting.com.matthey.pmm.limits.reporting.translated.DealingLimit",0
"LimitsReporting/src/main/java/com/matthey/pmm/limits/reporting/translated/RunResult.java",7,"LimitsReporting.com.matthey.pmm.limits.reporting.translated.RunResult",0
"LimitsReporting/src/main/java/com/matthey/pmm/limits/reporting/translated/LiquidityLimit.java",7,"LimitsReporting.com.matthey.pmm.limits.reporting.translated.LiquidityLimit",0
"LimitsReporting/src/main/java/com/matthey/pmm/limits/reporting/translated/BalanceLine.java",7,"LimitsReporting.com.matthey.pmm.limits.reporting.translated.BalanceLine",0
"LimitsReporting/src/main/java/com/matthey/pmm/limits/reporting/translated/LeaseLimitChecker.java",7,"LimitsReporting.com.matthey.pmm.limits.reporting.translated.LeaseLimitChecker",0
"LimitsReporting/src/main/java/com/matthey/pmm/limits/reporting/translated/LimitsReportingSummarySender.java",7,"LimitsReporting.com.matthey.pmm.limits.reporting.translated.LimitsReportingSummarySender",0
"LimitsReporting/src/main/java/com/matthey/pmm/limits/reporting/translated/LimitsReportingIntradayChecker.java",7,"LimitsReporting.com.matthey.pmm.limits.reporting.translated.LimitsReportingIntradayChecker",0
"LimitsReporting/src/main/java/com/matthey/pmm/limits/reporting/translated/LiquidityLimitsChecker.java",7,"LimitsReporting.com.matthey.pmm.limits.reporting.translated.LiquidityLimitsChecker",0
"LimitsReporting/src/main/java/com/matthey/pmm/limits/reporting/translated/BreachNotifier.java",7,"LimitsReporting.com.matthey.pmm.limits.reporting.translated.BreachNotifier",0
"LimitsReporting/src/main/java/com/matthey/pmm/limits/reporting/translated/LimitsReportingConnector.java",7,"LimitsReporting.com.matthey.pmm.limits.reporting.translated.LimitsReportingConnector",0
"LimitsReporting/src/main/java/com/matthey/pmm/limits/reporting/translated/BreachGroup.java",7,"LimitsReporting.com.matthey.pmm.limits.reporting.translated.BreachGroup",0
"LimitsReporting/src/main/java/com/matthey/pmm/limits/reporting/translated/MetalBalances.java",7,"LimitsReporting.com.matthey.pmm.limits.reporting.translated.MetalBalances",0
