"MetalsTransfer",29,""
"jproject_classpath",8,"MetalsTransfer/jproject.classpath"
"MetalsTransfer/src/com/olf/jm/metalstransfer/field/modified/FromLocoModified.java",7,"MetalsTransfer.com.olf.jm.metalstransfer.field.modified.FromLocoModified",61
"MetalsTransfer/src/com/olf/jm/metalstransfer/field/modified/ToLocoModified.java",7,"MetalsTransfer.com.olf.jm.metalstransfer.field.modified.ToLocoModified",61
"MetalsTransfer/src/com/olf/jm/metalstransfer/field/modified/MetalModified.java",7,"MetalsTransfer.com.olf.jm.metalstransfer.field.modified.MetalModified",61
"MetalsTransfer/src/com/olf/jm/metalstransfer/field/modified/TradeDateModified.java",7,"MetalsTransfer.com.olf.jm.metalstransfer.field.modified.TradeDateModified",61
"MetalsTransfer/src/com/olf/jm/metalstransfer/field/modified/SettleDateModified.java",7,"MetalsTransfer.com.olf.jm.metalstransfer.field.modified.SettleDateModified",61
"MetalsTransfer/src/com/olf/jm/metalstransfer/field/picklist/AccountPickListFilter.java",7,"MetalsTransfer.com.olf.jm.metalstransfer.field.picklist.AccountPickListFilter",62
"MetalsTransfer/src/com/olf/jm/metalstransfer/field/defaults/SetInitialFieldDefaults.java",7,"MetalsTransfer.com.olf.jm.metalstransfer.field.defaults.SetInitialFieldDefaults",61
"MetalsTransfer/src/com/olf/jm/metalstransfer/field/modified/ToFormModified.java",7,"MetalsTransfer.com.olf.jm.metalstransfer.field.modified.ToFormModified",61
"MetalsTransfer/src/com/olf/jm/metalstransfer/field/modified/FromFormModified.java",7,"MetalsTransfer.com.olf.jm.metalstransfer.field.modified.FromFormModified",61
"MetalsTransfer/src/com/olf/jm/metalstransfer/field/picklist/BusinessUnitPickListFilter.java",7,"MetalsTransfer.com.olf.jm.metalstransfer.field.picklist.BusinessUnitPickListFilter",62
"MetalsTransfer/src/com/olf/jm/metalstransfer/field/modified/ToAcModified.java",7,"MetalsTransfer.com.olf.jm.metalstransfer.field.modified.ToAcModified",61
"MetalsTransfer/src/com/olf/jm/metalstransfer/field/modified/FromAcModified.java",7,"MetalsTransfer.com.olf.jm.metalstransfer.field.modified.FromAcModified",61
"MetalsTransfer/src/com/olf/jm/metalstransfer/field/picklist/LocoForTransferPickList.java",7,"MetalsTransfer.com.olf.jm.metalstransfer.field.picklist.LocoForTransferPickList",56
"MetalsTransfer/src/com/olf/jm/metalstransfer/dealbooking/CashTransfer.java",7,"MetalsTransfer.com.olf.jm.metalstransfer.dealbooking.CashTransfer",61
"MetalsTransfer/src/com/olf/jm/metalstransfer/dealbooking/CashTransferChargesBooking.java",7,"MetalsTransfer.com.olf.jm.metalstransfer.dealbooking.CashTransferChargesBooking",165
"MetalsTransfer/src/com/olf/jm/metalstransfer/tpm/CashTransferDealBooking.java",7,"MetalsTransfer.com.olf.jm.metalstransfer.tpm.CashTransferDealBooking",165
"MetalsTransfer/src/com/olf/jm/metalstransfer/field/picklist/PreciousMetalPickList.java",7,"MetalsTransfer.com.olf.jm.metalstransfer.field.picklist.PreciousMetalPickList",56
"MetalsTransfer/src/com/olf/jm/metalstransfer/field/picklist/PreciousMetalPickListFilter.java",7,"MetalsTransfer.com.olf.jm.metalstransfer.field.picklist.PreciousMetalPickListFilter",62
"MetalsTransfer/src/com/olf/jm/metalstransfer/field/picklist/AbstractPickListFilter.java",7,"MetalsTransfer.com.olf.jm.metalstransfer.field.picklist.AbstractPickListFilter",62
"MetalsTransfer/src/com/olf/jm/metalstransfer/field/picklist/UnitPickListFilter.java",7,"MetalsTransfer.com.olf.jm.metalstransfer.field.picklist.UnitPickListFilter",62
"MetalsTransfer/src/com/olf/jm/metalstransfer/field/modified/ChargesModified.java",7,"MetalsTransfer.com.olf.jm.metalstransfer.field.modified.ChargesModified",62
"MetalsTransfer/src/com/olf/jm/metalstransfer/field/modified/ChargeIsReadOnly.java",7,"MetalsTransfer.com.olf.jm.metalstransfer.field.modified.ChargeIsReadOnly",62
"MetalsTransfer/src/com/olf/jm/metalstransfer/opservice/ValidateStrategyFields.java",7,"MetalsTransfer.com.olf.jm.metalstransfer.opservice.ValidateStrategyFields",19
"MetalsTransfer/src/com/olf/jm/metalstransfer/tpm/CashTransferTaxBooking.java",7,"MetalsTransfer.com.olf.jm.metalstransfer.tpm.CashTransferTaxBooking",165
"MetalsTransfer/src/com/olf/jm/metalstransfer/tpm/TaxDetailsAssignmentException.java",7,"MetalsTransfer.com.olf.jm.metalstransfer.tpm.TaxDetailsAssignmentException"
"MetalsTransfer/src/com/olf/jm/metalstransfer/opservice/MetalTransferManualChangeBlocker.java",7,"MetalsTransfer.com.olf.jm.metalstransfer.opservice.MetalTransferManualChangeBlocker",19
"MetalsTransfer/src/com/olf/jm/metalstransfer/model/ConfigurationItem.java",7,"MetalsTransfer.com.olf.jm.metalstransfer.model.ConfigurationItem"
"MetalsTransfer/src/com/olf/jm/metalstransfer/model/ConstRepItem.java",7,"MetalsTransfer.com.olf.jm.metalstransfer.model.ConstRepItem"
"MetalsTransfer/src/com/olf/jm/metalstransfer/opservice/ManualStrategyValidationBlocker.java",7,"MetalsTransfer.com.olf.jm.metalstransfer.opservice.ManualStrategyValidationBlocker",19
"MetalsTransfer/src/com/olf/jm/metalstransfer/tpm/CashTransferTaxBookingMigr.java",7,"MetalsTransfer.com.olf.jm.metalstransfer.tpm.CashTransferTaxBookingMigr",165
"MetalsTransfer/src/com/olf/jm/metalstransfer/field/defaults/SetClearTranNumFieldDefaults.java",7,"MetalsTransfer.com.olf.jm.metalstransfer.field.defaults.SetClearTranNumFieldDefaults",61
"MetalsTransfer/src/com/olf/jm/metalstransfer/field/setter/PortfolioFieldSetter.java",7,"MetalsTransfer.com.olf.jm.metalstransfer.field.setter.PortfolioFieldSetter",61
"MetalsTransfer/src/com/olf/jm/metalstransfer/field/setter/DealRefFieldSetter.java",7,"MetalsTransfer.com.olf.jm.metalstransfer.field.setter.DealRefFieldSetter",61
"MetalsTransfer/src/com/olf/jm/metalstransfer/tpm/MetalTransferEOPValidityCheck.java",7,"MetalsTransfer.com.olf.jm.metalstransfer.tpm.MetalTransferEOPValidityCheck",165
"MetalsTransfer/src/com/olf/jm/metalstransfer/opservice/CheckForRunningMetalTransferTPM.java",7,"MetalsTransfer.com.olf.jm.metalstransfer.opservice.CheckForRunningMetalTransferTPM",19
"MetalsTransfer/src/com/olf/jm/metalstransfer/dealbooking/CashTrasferChargesBookingProcessor.java",7,"MetalsTransfer.com.olf.jm.metalstransfer.dealbooking.CashTrasferChargesBookingProcessor"
"MetalsTransfer/src/com/olf/jm/metalstransfer/dealbooking/CashTransferChargesBookingTask.java",7,"MetalsTransfer.com.olf.jm.metalstransfer.dealbooking.CashTransferChargesBookingTask"
"MetalsTransfer/src/com/olf/jm/metalstransfer/dealbooking/CashTransferChargesBookingTaskOutput.java",7,"MetalsTransfer.com.olf.jm.metalstransfer.dealbooking.CashTransferChargesBookingTaskOutput"
"MetalsTransfer/src/com/olf/jm/metalstransfer/opservice/CheckStrategyComments.java",7,"MetalsTransfer.com.olf.jm.metalstransfer.opservice.CheckStrategyComments",19
"MetalsTransfer/src/com/olf/jm/metalstransfer/validate/transfer/ValidateCashTransfer.java",7,"MetalsTransfer.com.olf.jm.metalstransfer.validate.transfer.ValidateCashTransfer"
"MetalsTransfer/src/com/olf/jm/metalstransfer/tpm/ProcessStrategy.java",7,"MetalsTransfer.com.olf.jm.metalstransfer.tpm.ProcessStrategy",165
