"MigrationManager",29,""
"jproject_classpath",8,"MigrationManager/jproject.classpath"
"MigrationManager/src/com/openlink/esp/migration/app/bridge/Migr_BatchRunner_Plugin.java",33,"MigrationManager.com.openlink.esp.migration.app.bridge.Migr_BatchRunner_Plugin"
"MigrationManager/src/com/openlink/esp/migration/app/bridge/Migr_FeeAdjuster_Plugin.java",33,"MigrationManager.com.openlink.esp.migration.app.bridge.Migr_FeeAdjuster_Plugin"
"MigrationManager/src/com/openlink/esp/migration/app/bridge/Migr_StrategiesCreator_Plugin.java",33,"MigrationManager.com.openlink.esp.migration.app.bridge.Migr_StrategiesCreator_Plugin"
"MigrationManager/src/com/openlink/esp/migration/app/bridge/Migr_ScheduleUploader_Plugin.java",33,"MigrationManager.com.openlink.esp.migration.app.bridge.Migr_ScheduleUploader_Plugin"
"MigrationManager/src/com/openlink/esp/migration/app/bridge/Migr_ScheduleParameter_Plugin.java",33,"MigrationManager.com.openlink.esp.migration.app.bridge.Migr_ScheduleParameter_Plugin"
"MigrationManager/src/com/openlink/esp/migration/app/bridge/Migr_ProcessParameter_Plugin.java",33,"MigrationManager.com.openlink.esp.migration.app.bridge.Migr_ProcessParameter_Plugin"
"MigrationManager/src/com/openlink/esp/migration/app/bridge/Migr_OffsetDealHandler_Plugin.java",33,"MigrationManager.com.openlink.esp.migration.app.bridge.Migr_OffsetDealHandler_Plugin"
"MigrationManager/src/com/openlink/esp/migration/app/bridge/Migr_ExternToInternMapper_Plugin.java",33,"MigrationManager.com.openlink.esp.migration.app.bridge.Migr_ExternToInternMapper_Plugin"
"MigrationManager/src/com/openlink/esp/migration/app/bridge/Migr_ColumnFormatter_Plugin.java",33,"MigrationManager.com.openlink.esp.migration.app.bridge.Migr_ColumnFormatter_Plugin"
"MigrationManager/src/com/openlink/esp/migration/app/bridge/Migr_DealUpdater_Plugin.java",33,"MigrationManager.com.openlink.esp.migration.app.bridge.Migr_DealUpdater_Plugin"
"MigrationManager/src/com/openlink/esp/migration/app/bridge/Migr_DealParameter_Plugin.java",33,"MigrationManager.com.openlink.esp.migration.app.bridge.Migr_DealParameter_Plugin"
"MigrationManager/src/com/openlink/esp/migration/app/bridge/Migr_DealEntryAggregator_Plugin.java",33,"MigrationManager.com.openlink.esp.migration.app.bridge.Migr_DealEntryAggregator_Plugin"
"MigrationManager/src/com/openlink/esp/migration/app/bridge/Migr_DealCreator_Plugin.java",33,"MigrationManager.com.openlink.esp.migration.app.bridge.Migr_DealCreator_Plugin"
"MigrationManager/src/com/openlink/esp/migration/app/bridge/Migr_CsvImporter_Plugin.java",33,"MigrationManager.com.openlink.esp.migration.app.bridge.Migr_CsvImporter_Plugin"
"MigrationManager/src/com/openlink/esp/migration/app/bridge/Migr_Upgrader_Plugin.java",33,"MigrationManager.com.openlink.esp.migration.app.bridge.Migr_Upgrader_Plugin"
"MigrationManager/src/com/openlink/esp/migration/app/gui/Migr_GUI_book_structure_mapping.java",33,"MigrationManager.com.openlink.esp.migration.app.gui.Migr_GUI_book_structure_mapping"
"MigrationManager/src/com/openlink/esp/migration/app/gui/Migr_GUI_op_int_deal_join_def.java",33,"MigrationManager.com.openlink.esp.migration.app.gui.Migr_GUI_op_int_deal_join_def"
"MigrationManager/src/com/openlink/esp/migration/app/gui/Migr_GUI_op_data_load.java",33,"MigrationManager.com.openlink.esp.migration.app.gui.Migr_GUI_op_data_load"
"MigrationManager/src/com/openlink/esp/migration/app/gui/Migr_GUI_op_data_type.java",33,"MigrationManager.com.openlink.esp.migration.app.gui.Migr_GUI_op_data_type"
"MigrationManager/src/com/openlink/esp/migration/app/gui/Migr_GUI_op_format_rules.java",33,"MigrationManager.com.openlink.esp.migration.app.gui.Migr_GUI_op_format_rules"
"MigrationManager/src/com/openlink/esp/migration/app/gui/Migr_GUI_op_ins_types.java",33,"MigrationManager.com.openlink.esp.migration.app.gui.Migr_GUI_op_ins_types"
"MigrationManager/src/com/openlink/esp/migration/app/gui/Migr_GUI_op_int_deal_def.java",33,"MigrationManager.com.openlink.esp.migration.app.gui.Migr_GUI_op_int_deal_def"
"MigrationManager/src/com/openlink/esp/migration/app/gui/Migr_GUI_op_man_tasks.java",33,"MigrationManager.com.openlink.esp.migration.app.gui.Migr_GUI_op_man_tasks"
"MigrationManager/src/com/openlink/esp/migration/app/gui/Migr_GUI_op_int_deal_match.java",33,"MigrationManager.com.openlink.esp.migration.app.gui.Migr_GUI_op_int_deal_match"
"MigrationManager/src/com/openlink/esp/migration/app/gui/Migr_GUI_op_config.java",33,"MigrationManager.com.openlink.esp.migration.app.gui.Migr_GUI_op_config"
"MigrationManager/src/com/openlink/esp/migration/app/gui/Migr_GUI_op_man_tasks_after.java",33,"MigrationManager.com.openlink.esp.migration.app.gui.Migr_GUI_op_man_tasks_after"
"MigrationManager/src/com/openlink/esp/migration/app/gui/Migr_GUI_op_mapping_def.java",33,"MigrationManager.com.openlink.esp.migration.app.gui.Migr_GUI_op_mapping_def"
"MigrationManager/src/com/openlink/esp/migration/app/gui/Migr_GUI_op_sorting_rules.java",33,"MigrationManager.com.openlink.esp.migration.app.gui.Migr_GUI_op_sorting_rules"
"MigrationManager/src/com/openlink/esp/migration/app/gui/Migr_GUI_op_tranf.java",33,"MigrationManager.com.openlink.esp.migration.app.gui.Migr_GUI_op_tranf"
"MigrationManager/src/com/openlink/esp/migration/app/gui/Migr_GUI_op_tranf_to_dealgrp.java",33,"MigrationManager.com.openlink.esp.migration.app.gui.Migr_GUI_op_tranf_to_dealgrp"
"MigrationManager/src/com/openlink/esp/migration/app/gui/Migr_GUI_op_data_categories.java",33,"MigrationManager.com.openlink.esp.migration.app.gui.Migr_GUI_op_data_categories"
"MigrationManager/src/com/openlink/esp/migration/app/gui/Migr_GUI_op_aggr_groupings.java",33,"MigrationManager.com.openlink.esp.migration.app.gui.Migr_GUI_op_aggr_groupings"
"MigrationManager/src/com/openlink/esp/migration/app/gui/Migr_GUI_op_aggr_rules.java",33,"MigrationManager.com.openlink.esp.migration.app.gui.Migr_GUI_op_aggr_rules"
"MigrationManager/src/com/openlink/esp/migration/app/gui/Migr_GUI_csv_channel_type.java",33,"MigrationManager.com.openlink.esp.migration.app.gui.Migr_GUI_csv_channel_type"
"MigrationManager/src/com/openlink/esp/migration/app/gui/Migr_GUI_map_1to1.java",33,"MigrationManager.com.openlink.esp.migration.app.gui.Migr_GUI_map_1to1"
"MigrationManager/src/com/openlink/esp/migration/app/gui/Migr_GUI_csv_import_channel.java",33,"MigrationManager.com.openlink.esp.migration.app.gui.Migr_GUI_csv_import_channel"
"MigrationManager/src/com/openlink/esp/migration/app/gui/Migr_GUI_def_deal_groups.java",33,"MigrationManager.com.openlink.esp.migration.app.gui.Migr_GUI_def_deal_groups"
"MigrationManager/src/com/openlink/esp/migration/app/gui/Migr_GUI_error_log.java",33,"MigrationManager.com.openlink.esp.migration.app.gui.Migr_GUI_error_log"
"MigrationManager/src/com/openlink/esp/migration/app/gui/Migr_GUI_import_data_definition.java",33,"MigrationManager.com.openlink.esp.migration.app.gui.Migr_GUI_import_data_definition"
"MigrationManager/src/com/openlink/esp/migration/app/gui/Migr_GUI_import_file_definition.java",33,"MigrationManager.com.openlink.esp.migration.app.gui.Migr_GUI_import_file_definition"
"MigrationManager/src/com/openlink/esp/migration/app/gui/Migr_GUI_map_contacts.java",33,"MigrationManager.com.openlink.esp.migration.app.gui.Migr_GUI_map_contacts"
"MigrationManager/src/com/openlink/esp/migration/app/gui/Migr_GUI_map_book_structure.java",33,"MigrationManager.com.openlink.esp.migration.app.gui.Migr_GUI_map_book_structure"
"MigrationManager/src/com/openlink/esp/migration/app/gui/Migr_GUI_map_products.java",33,"MigrationManager.com.openlink.esp.migration.app.gui.Migr_GUI_map_products"
"MigrationManager/src/com/openlink/esp/migration/app/gui/Migr_GUI_map_deal_types.java",33,"MigrationManager.com.openlink.esp.migration.app.gui.Migr_GUI_map_deal_types"
"MigrationManager/src/com/openlink/esp/migration/app/gui/Migr_GUI_map_locations.java",33,"MigrationManager.com.openlink.esp.migration.app.gui.Migr_GUI_map_locations"
"MigrationManager/src/com/openlink/esp/migration/app/gui/Migr_GUI_map_orig_cpty.java",33,"MigrationManager.com.openlink.esp.migration.app.gui.Migr_GUI_map_orig_cpty"
"MigrationManager/src/com/openlink/esp/migration/app/gui/Migr_GUI_map_parties.java",33,"MigrationManager.com.openlink.esp.migration.app.gui.Migr_GUI_map_parties"
"MigrationManager/src/com/openlink/esp/migration/app/gui/Migr_GUI_map_price_regions.java",33,"MigrationManager.com.openlink.esp.migration.app.gui.Migr_GUI_map_price_regions"
"MigrationManager/src/com/openlink/esp/migration/app/gui/Migr_GUI_party_mapping.java",33,"MigrationManager.com.openlink.esp.migration.app.gui.Migr_GUI_party_mapping"
"MigrationManager/src/com/openlink/esp/migration/app/Migr_StrategiesCreator_P.java",33,"MigrationManager.com.openlink.esp.migration.app.Migr_StrategiesCreator_P"
"MigrationManager/src/com/openlink/esp/migration/app/mtc/Migr_CopyandReplaceTranField.java",33,"MigrationManager.com.openlink.esp.migration.app.mtc.Migr_CopyandReplaceTranField"
"MigrationManager/src/com/openlink/esp/migration/app/mtc/Migr_CopyandResetTranField.java",33,"MigrationManager.com.openlink.esp.migration.app.mtc.Migr_CopyandResetTranField"
"MigrationManager/src/com/openlink/esp/migration/app/mtc/Migr_CopyandSetTranfField.java",33,"MigrationManager.com.openlink.esp.migration.app.mtc.Migr_CopyandSetTranfField"
"MigrationManager/src/com/openlink/esp/migration/app/mtc/Migr_Def1_BookingOnly_P.java",33,"MigrationManager.com.openlink.esp.migration.app.mtc.Migr_Def1_BookingOnly_P"
"MigrationManager/src/com/openlink/esp/migration/app/mtc/Migr_INC_Maintenance.java",33,"MigrationManager.com.openlink.esp.migration.app.mtc.Migr_INC_Maintenance"
"MigrationManager/src/com/openlink/esp/migration/app/mtc/Migr_INC_ProcessDef.java",33,"MigrationManager.com.openlink.esp.migration.app.mtc.Migr_INC_ProcessDef"
"MigrationManager/src/com/openlink/esp/migration/app/mtc/Migr_ProcessDef_1_P.java",33,"MigrationManager.com.openlink.esp.migration.app.mtc.Migr_ProcessDef_1_P"
"MigrationManager/src/com/openlink/esp/migration/app/mtc/Migr_ProcessDef_101_P.java",33,"MigrationManager.com.openlink.esp.migration.app.mtc.Migr_ProcessDef_101_P"
"MigrationManager/src/com/openlink/esp/migration/app/mtc/Migr_ProcessDef_102_P.java",33,"MigrationManager.com.openlink.esp.migration.app.mtc.Migr_ProcessDef_102_P"
"MigrationManager/src/com/openlink/esp/migration/app/mtc/Migr_ProcessDef_51_P.java",33,"MigrationManager.com.openlink.esp.migration.app.mtc.Migr_ProcessDef_51_P"
"MigrationManager/src/com/openlink/esp/migration/app/mtc/Migr_ProcessDef_52_P.java",33,"MigrationManager.com.openlink.esp.migration.app.mtc.Migr_ProcessDef_52_P"
"MigrationManager/src/com/openlink/esp/migration/app/mtc/Migr_ProcessDef_P1_P.java",33,"MigrationManager.com.openlink.esp.migration.app.mtc.Migr_ProcessDef_P1_P"
"MigrationManager/src/com/openlink/esp/migration/app/mtc/Migr_ProcessDef_P2_P.java",33,"MigrationManager.com.openlink.esp.migration.app.mtc.Migr_ProcessDef_P2_P"
"MigrationManager/src/com/openlink/esp/migration/app/mtc/Migr_SaveTranInfo.java",33,"MigrationManager.com.openlink.esp.migration.app.mtc.Migr_SaveTranInfo"
"MigrationManager/src/com/openlink/esp/migration/app/mtc/Migr_SaveTranInfoField.java",33,"MigrationManager.com.openlink.esp.migration.app.mtc.Migr_SaveTranInfoField"
"MigrationManager/src/com/openlink/esp/migration/app/mtc/Migr_SetDataInDeal.java",33,"MigrationManager.com.openlink.esp.migration.app.mtc.Migr_SetDataInDeal"
"MigrationManager/src/com/openlink/esp/migration/app/mtc/Migr_SetTranfField.java",33,"MigrationManager.com.openlink.esp.migration.app.mtc.Migr_SetTranfField"
"MigrationManager/src/com/openlink/esp/migration/app/mtc/Migr_SetTranInfoField.java",33,"MigrationManager.com.openlink.esp.migration.app.mtc.Migr_SetTranInfoField"
"MigrationManager/src/com/openlink/esp/migration/app/mtc/Migr_SetTranInfoField_Increm.java",33,"MigrationManager.com.openlink.esp.migration.app.mtc.Migr_SetTranInfoField_Increm"
"MigrationManager/src/com/openlink/esp/migration/app/mtc/Migr_SetTranStatus_M.java",33,"MigrationManager.com.openlink.esp.migration.app.mtc.Migr_SetTranStatus_M"
"MigrationManager/src/com/openlink/esp/migration/app/mtc/Migr_SetTranStatus_P.java",33,"MigrationManager.com.openlink.esp.migration.app.mtc.Migr_SetTranStatus_P"
"MigrationManager/src/com/openlink/esp/migration/app/gui/Migr_GUI_op_refdatafields.java",33,"MigrationManager.com.openlink.esp.migration.app.gui.Migr_GUI_op_refdatafields"
"MigrationManager/src/com/jm/migration/Migr_StrategiesWithTranInfo_Creator_Plugin.java",33,"MigrationManager.com.jm.migration.Migr_StrategiesWithTranInfo_Creator_Plugin"
"MigrationManager/src/com/openlink/esp/migration/app/mtc/Migr_ProcessDef_103_P.java",33,"MigrationManager.com.openlink.esp.migration.app.mtc.Migr_ProcessDef_103_P"
"MigrationManager/src/com/openlink/esp/migration/app/mtc/Migr_ProcessDef_104_P.java",33,"MigrationManager.com.openlink.esp.migration.app.mtc.Migr_ProcessDef_104_P"
"MigrationManager/src/com/openlink/esp/migration/app/mtc/Migr_SetTranStatus_P_Cancelled.java",33,"MigrationManager.com.openlink.esp.migration.app.mtc.Migr_SetTranStatus_P_Cancelled"
"MigrationManager/src/com/openlink/esp/migration/app/mtc/Migr_SetTranStatus_P_New.java",33,"MigrationManager.com.openlink.esp.migration.app.mtc.Migr_SetTranStatus_P_New"
"MigrationManager/src/com/openlink/esp/migration/app/mtc/Migr_ProcessDef_107_P.java",33,"MigrationManager.com.openlink.esp.migration.app.mtc.Migr_ProcessDef_107_P"
"MigrationManager/src/com/openlink/esp/migration/app/mtc/Migr_ProcessDef_105_P.java",33,"MigrationManager.com.openlink.esp.migration.app.mtc.Migr_ProcessDef_105_P"
"MigrationManager/src/com/openlink/esp/migration/app/mtc/Migr_ProcessDef_106_P.java",33,"MigrationManager.com.openlink.esp.migration.app.mtc.Migr_ProcessDef_106_P"
"MigrationManager/src/com/openlink/esp/migration/app/mtc/Migr_ProcessDef_108_P.java",33,"MigrationManager.com.openlink.esp.migration.app.mtc.Migr_ProcessDef_108_P"
"MigrationManager/src/com/jm/migration/Migr_StrategiesWithTranInfo_Creator_Plugin_01.java",33,"MigrationManager.com.jm.migration.Migr_StrategiesWithTranInfo_Creator_Plugin_01"
"MigrationManager/src/com/jm/migration/Migr_StrategiesWithTranInfo_Creator_Plugin_04.java",33,"MigrationManager.com.jm.migration.Migr_StrategiesWithTranInfo_Creator_Plugin_04"
"MigrationManager/src/com/jm/migration/Migr_StrategiesWithTranInfo_Creator_Plugin_02.java",33,"MigrationManager.com.jm.migration.Migr_StrategiesWithTranInfo_Creator_Plugin_02"
"MigrationManager/src/com/jm/migration/Migr_StrategiesWithTranInfo_Creator_Plugin_03.java",33,"MigrationManager.com.jm.migration.Migr_StrategiesWithTranInfo_Creator_Plugin_03"
"MigrationManager/src/com/jm/migration/Migr_StrategiesWithTranInfo_Creator_Plugin_06.java",33,"MigrationManager.com.jm.migration.Migr_StrategiesWithTranInfo_Creator_Plugin_06"
"MigrationManager/src/com/jm/migration/Migr_StrategiesWithTranInfo_Creator_Plugin_05.java",33,"MigrationManager.com.jm.migration.Migr_StrategiesWithTranInfo_Creator_Plugin_05"
"MigrationManager/src/com/jm/migration/Migr_VN_NV_CashTransfers.java",33,"MigrationManager.com.jm.migration.Migr_VN_NV_CashTransfers"
