"PriceWebService",29,""
"jproject_classpath",8,"PriceWebService/jproject.classpath"
"PriceWebService/src/com/olf/jm/pricewebservice/persistence/XMLHelper.java",33,"PriceWebService.com.olf.jm.pricewebservice.persistence.XMLHelper"
"PriceWebService/src/com/olf/jm/pricewebservice/model/DeliveryLogic.java",33,"PriceWebService.com.olf.jm.pricewebservice.model.DeliveryLogic"
"PriceWebService/src/com/olf/jm/pricewebservice/model/Triple.java",33,"PriceWebService.com.olf.jm.pricewebservice.model.Triple"
"PriceWebService/src/com/olf/jm/pricewebservice/app/ApplyStylesheet.java",33,"PriceWebService.com.olf.jm.pricewebservice.app.ApplyStylesheet"
"PriceWebService/src/com/olf/jm/pricewebservice/app/InitWorkflowVariables.java",33,"PriceWebService.com.olf.jm.pricewebservice.app.InitWorkflowVariables"
"PriceWebService/src/com/olf/jm/pricewebservice/app/RptBuilderPriceWebIndexData.java",33,"PriceWebService.com.olf.jm.pricewebservice.app.RptBuilderPriceWebIndexData"
"PriceWebService/src/com/olf/jm/pricewebservice/app/TemplateIterator.java",33,"PriceWebService.com.olf.jm.pricewebservice.app.TemplateIterator"
"PriceWebService/src/com/olf/jm/pricewebservice/persistence/TpmHelper.java",33,"PriceWebService.com.olf.jm.pricewebservice.persistence.TpmHelper"
"PriceWebService/src/com/olf/jm/pricewebservice/app/UserIterator.java",33,"PriceWebService.com.olf.jm.pricewebservice.app.UserIterator"
"PriceWebService/src/com/olf/jm/pricewebservice/app/SendReportToUser.java",33,"PriceWebService.com.olf.jm.pricewebservice.app.SendReportToUser"
"PriceWebService/src/com/olf/jm/pricewebservice/model/Pair.java",33,"PriceWebService.com.olf.jm.pricewebservice.model.Pair"
"PriceWebService/src/com/olf/jm/pricewebservice/model/ReportParameter.java",33,"PriceWebService.com.olf.jm.pricewebservice.model.ReportParameter"
"PriceWebService/src/com/olf/jm/pricewebservice/app/FTPUploader.java",33,"PriceWebService.com.olf.jm.pricewebservice.app.FTPUploader"
"PriceWebService/src/com/olf/jm/pricewebservice/app/ApplyStylesheetStandalone.java",33,"PriceWebService.com.olf.jm.pricewebservice.app.ApplyStylesheetStandalone"
"PriceWebService/src/com/olf/jm/pricewebservice/persistence/DBHelper.java",33,"PriceWebService.com.olf.jm.pricewebservice.persistence.DBHelper"
"PriceWebService/src/com/olf/jm/pricewebservice/model/WFlowVar.java",33,"PriceWebService.com.olf.jm.pricewebservice.model.WFlowVar"
"PriceWebService/src/com/olf/jm/pricewebservice/app/RunTemplate.java",33,"PriceWebService.com.olf.jm.pricewebservice.app.RunTemplate"
"PriceWebService/src/com/olf/jm/pricewebservice/app/RunReports.java",33,"PriceWebService.com.olf.jm.pricewebservice.app.RunReports"
"PriceWebService/src/com/olf/jm/pricewebservice/app/RptBuilderParameterEcho.java",33,"PriceWebService.com.olf.jm.pricewebservice.app.RptBuilderParameterEcho"
"PriceWebService/src/com/olf/jm/pricewebservice/model/FileType.java",33,"PriceWebService.com.olf.jm.pricewebservice.model.FileType"
"PriceWebService/src/com/olf/jm/pricewebservice/app/RunHistoricalPricesReport.java",33,"PriceWebService.com.olf.jm.pricewebservice.app.RunHistoricalPricesReport"
"PriceWebService/src/com/olf/jm/pricewebservice/app/SaveHistoricalPrices.java",33,"PriceWebService.com.olf.jm.pricewebservice.app.SaveHistoricalPrices"
"PriceWebService/src/com/olf/jm/pricewebservice/model/CryptoInterface.java",33,"PriceWebService.com.olf.jm.pricewebservice.model.CryptoInterface"
"PriceWebService/src/com/olf/jm/pricewebservice/persistence/CryptoImpl.java",33,"PriceWebService.com.olf.jm.pricewebservice.persistence.CryptoImpl"
"PriceWebService/src/com/olf/jm/pricewebservice/app/CredentialEncryptor.java",33,"PriceWebService.com.olf.jm.pricewebservice.app.CredentialEncryptor"
"PriceWebService/src/com/olf/jm/pricewebservice/model/CryptoException.java",33,"PriceWebService.com.olf.jm.pricewebservice.model.CryptoException"
"PriceWebService/src/com/olf/jm/pricewebservice/persistence/FTPHelper.java",33,"PriceWebService.com.olf.jm.pricewebservice.persistence.FTPHelper"
"PriceWebService/src/com/olf/jm/pricewebservice/app/PriceWebPreProcessCheck.java",33,"PriceWebService.com.olf.jm.pricewebservice.app.PriceWebPreProcessCheck"
