"Reports",29,""
"jproject_classpath",8,"Reports/jproject.classpath"
"Reports/src/com/olf/jm/reportbuilder/DealDocumentLocationLink.java",33,"Reports.com.olf.jm.reportbuilder.DealDocumentLocationLink",12
"Reports/src/com/jm/reportbuilder/emir/EmirRegisTrOutput.java",33,"Reports.com.jm.reportbuilder.emir.EmirRegisTrOutput",11
"Reports/src/com/jm/reportbuilder/emir/EmirReportDataLoad.java",33,"Reports.com.jm.reportbuilder.emir.EmirReportDataLoad",12
"Reports/src/com/jm/reportbuilder/lbma/LBMAReportOutput.java",33,"Reports.com.jm.reportbuilder.lbma.LBMAReportOutput",11
"Reports/src/com/jm/reportbuilder/lbma/LBMAAddOtherFxSwapLeg.java",33,"Reports.com.jm.reportbuilder.lbma.LBMAAddOtherFxSwapLeg",8
"Reports/src/com/jm/reportbuilder/lbma/LBMAReportDataLoad.java",33,"Reports.com.jm.reportbuilder.lbma.LBMAReportDataLoad",12
"Reports/src/com/jm/reportbuilder/audit/SupportPersonnelAnalysisConstants.java",33,"Reports.com.jm.reportbuilder.audit.SupportPersonnelAnalysisConstants"
"Reports/src/com/jm/reportbuilder/audit/SupportPersonnelAuditDataLoad.java",33,"Reports.com.jm.reportbuilder.audit.SupportPersonnelAuditDataLoad",12
"Reports/src/com/jm/reportbuilder/audit/SupportPersonnelAuditGUI.java",33,"Reports.com.jm.reportbuilder.audit.SupportPersonnelAuditGUI",14
"Reports/src/com/jm/reportbuilder/audit/SupportPersonnelAnalysisOutput.java",33,"Reports.com.jm.reportbuilder.audit.SupportPersonnelAnalysisOutput",11
"Reports/src/com/jm/reportbuilder/audit/SupportPersonnelAuditConstants.java",33,"Reports.com.jm.reportbuilder.audit.SupportPersonnelAuditConstants"
"Reports/src/com/jm/reportbuilder/audit/SupportPersonnelAnalysisDataLoad.java",33,"Reports.com.jm.reportbuilder.audit.SupportPersonnelAnalysisDataLoad",12
"Reports/src/com/jm/reportbuilder/audit/SupportPersonnelAnalysisGUI.java",33,"Reports.com.jm.reportbuilder.audit.SupportPersonnelAnalysisGUI",14
"Reports/src/com/jm/reportbuilder/audit/SupportPersonnelAuditOutput.java",33,"Reports.com.jm.reportbuilder.audit.SupportPersonnelAuditOutput",11
"Reports/src/com/jm/reportbuilder/audit/SupportChangeAuditConstants.java",33,"Reports.com.jm.reportbuilder.audit.SupportChangeAuditConstants"
"Reports/src/com/jm/reportbuilder/audit/SupportChangeAuditDataLoad.java",33,"Reports.com.jm.reportbuilder.audit.SupportChangeAuditDataLoad",12
"Reports/src/com/jm/reportbuilder/audit/SupportChangeAuditGUI.java",33,"Reports.com.jm.reportbuilder.audit.SupportChangeAuditGUI",14
"Reports/src/com/jm/reportbuilder/audit/SupportChangeAuditOutput.java",33,"Reports.com.jm.reportbuilder.audit.SupportChangeAuditOutput",11
"Reports/src/com/jm/reportbuilder/utils/ReportBuilderUtils.java",33,"Reports.com.jm.reportbuilder.utils.ReportBuilderUtils"
"Reports/src/com/jm/reportbuilder/accounting/SummaryAccBalTOzDatasource.java",33,"Reports.com.jm.reportbuilder.accounting.SummaryAccBalTOzDatasource",12
"Reports/src/com/jm/ftp/FTP.java",33,"Reports.com.jm.ftp.FTP"
"Reports/src/com/jm/ftp/FTPEmir.java",33,"Reports.com.jm.ftp.FTPEmir"
"Reports/src/com/jm/ftp/FTPLBMA.java",33,"Reports.com.jm.ftp.FTPLBMA"
"Reports/src/com/jm/reportbuilder/emir/EmirRegisTrCheckFTPResponse.java",33,"Reports.com.jm.reportbuilder.emir.EmirRegisTrCheckFTPResponse"
