"SAPInterfaces",29,""
"jproject_classpath",8,"SAPInterfaces/jproject.classpath"
"SAPInterfaces/src/com/olf/jm/coverage/messageMapper/fieldMapper/leg/MetalCurrencyMapper.java",7,"SAPInterfaces.com.olf.jm.coverage.messageMapper.fieldMapper.leg.MetalCurrencyMapper"
"SAPInterfaces/src/com/olf/jm/coverage/messageValidator/fieldValidator/WeightValidator.java",7,"SAPInterfaces.com.olf.jm.coverage.messageValidator.fieldValidator.WeightValidator"
"SAPInterfaces/src/com/olf/jm/sapTransfer/messageValidator/fieldValidator/ToSegmentValidator.java",7,"SAPInterfaces.com.olf.jm.sapTransfer.messageValidator.fieldValidator.ToSegmentValidator"
"SAPInterfaces/src/com/olf/jm/sapTransfer/messageMapper/fieldMapper/tran/AccountBuninessUnitMapper.java",7,"SAPInterfaces.com.olf.jm.sapTransfer.messageMapper.fieldMapper.tran.AccountBuninessUnitMapper"
"SAPInterfaces/src/com/olf/jm/coverage/messageMapper/fieldMapper/tran/ExtBUMapper.java",7,"SAPInterfaces.com.olf.jm.coverage.messageMapper.fieldMapper.tran.ExtBUMapper"
"SAPInterfaces/src/com/olf/jm/sapTransfer/messageValidator/fieldValidator/ToAccountNumberValidator.java",7,"SAPInterfaces.com.olf.jm.sapTransfer.messageValidator.fieldValidator.ToAccountNumberValidator"
"SAPInterfaces/src/com/olf/jm/SapInterface/messageMapper/MessageMapperException.java",7,"SAPInterfaces.com.olf.jm.SapInterface.messageMapper.MessageMapperException"
"SAPInterfaces/src/com/olf/jm/sapTransfer/messageMapper/TransferTradeBuilderMapper.java",7,"SAPInterfaces.com.olf.jm.sapTransfer.messageMapper.TransferTradeBuilderMapper"
"SAPInterfaces/src/com/olf/jm/coverage/messageValidator/fieldValidator/CoverageCurrencyValidator.java",7,"SAPInterfaces.com.olf.jm.coverage.messageValidator.fieldValidator.CoverageCurrencyValidator"
"SAPInterfaces/src/com/olf/jm/SapInterface/messageMapper/RefMapping/RefMapManager.java",7,"SAPInterfaces.com.olf.jm.SapInterface.messageMapper.RefMapping.RefMapManager"
"SAPInterfaces/src/com/olf/jm/sapTransfer/messageMapper/fieldMapper/tran/QtyMapper.java",7,"SAPInterfaces.com.olf.jm.sapTransfer.messageMapper.fieldMapper.tran.QtyMapper"
"SAPInterfaces/src/com/olf/jm/sapTransfer/messageMapper/fieldMapper/tran/EnumToFrom.java",7,"SAPInterfaces.com.olf.jm.sapTransfer.messageMapper.fieldMapper.tran.EnumToFrom"
"SAPInterfaces/src/com/olf/jm/sapTransfer/TransferRequest.java",7,"SAPInterfaces.com.olf.jm.sapTransfer.TransferRequest",13
"SAPInterfaces/src/com/olf/jm/coverage/messageMapper/fieldMapper/tran/CurrencyPairMapper.java",7,"SAPInterfaces.com.olf.jm.coverage.messageMapper.fieldMapper.tran.CurrencyPairMapper"
"SAPInterfaces/src/com/olf/jm/coverage/businessObjects/dataFactories/ICoverageDataFactory.java",7,"SAPInterfaces.com.olf.jm.coverage.businessObjects.dataFactories.ICoverageDataFactory"
"SAPInterfaces/src/com/olf/jm/coverage/messageMapper/fieldMapper/tran/FXSpotRateMapper.java",7,"SAPInterfaces.com.olf.jm.coverage.messageMapper.fieldMapper.tran.FXSpotRateMapper"
"SAPInterfaces/src/com/olf/jm/coverage/messageMapper/fieldMapper/tran/SapOrderIdMapper.java",7,"SAPInterfaces.com.olf.jm.coverage.messageMapper.fieldMapper.tran.SapOrderIdMapper"
"SAPInterfaces/src/com/olf/jm/coverage/messageMapper/fieldMapper/tran/CashFlowTypeMapper.java",7,"SAPInterfaces.com.olf.jm.coverage.messageMapper.fieldMapper.tran.CashFlowTypeMapper"
"SAPInterfaces/src/com/olf/jm/sapTransfer/messageMapper/TransferFieldMapperFactory.java",7,"SAPInterfaces.com.olf.jm.sapTransfer.messageMapper.TransferFieldMapperFactory"
"SAPInterfaces/src/com/olf/jm/sapTransfer/messageMapper/fieldMapper/tran/ChargesInUsdMapper.java",7,"SAPInterfaces.com.olf.jm.sapTransfer.messageMapper.fieldMapper.tran.ChargesInUsdMapper"
"SAPInterfaces/src/com/olf/jm/SapInterface/messageMapper/RefMapping/RefMapException.java",7,"SAPInterfaces.com.olf.jm.SapInterface.messageMapper.RefMapping.RefMapException"
"SAPInterfaces/src/com/olf/jm/SapInterface/messageProcessor/IMessageProcessor.java",7,"SAPInterfaces.com.olf.jm.SapInterface.messageProcessor.IMessageProcessor"
"SAPInterfaces/src/com/olf/jm/SapInterface/util/DateUtils.java",7,"SAPInterfaces.com.olf.jm.SapInterface.util.DateUtils"
"SAPInterfaces/src/com/olf/jm/sapTransfer/messageMapper/fieldMapper/tran/FormMapper.java",7,"SAPInterfaces.com.olf.jm.sapTransfer.messageMapper.fieldMapper.tran.FormMapper"
"SAPInterfaces/src/com/olf/jm/sapTransfer/messageMapper/fieldMapper/tran/MetalMapper.java",7,"SAPInterfaces.com.olf.jm.sapTransfer.messageMapper.fieldMapper.tran.MetalMapper"
"SAPInterfaces/src/com/olf/jm/sapTransfer/messageValidator/fieldValidator/FromSegmentValidator.java",7,"SAPInterfaces.com.olf.jm.sapTransfer.messageValidator.fieldValidator.FromSegmentValidator"
"SAPInterfaces/src/com/olf/jm/sapTransfer/messageValidator/fieldValidator/FromAccountNumberValidator.java",7,"SAPInterfaces.com.olf.jm.sapTransfer.messageValidator.fieldValidator.FromAccountNumberValidator"
"SAPInterfaces/src/com/olf/jm/coverage/messageMapper/fieldMapper/tran/FormMapper.java",7,"SAPInterfaces.com.olf.jm.coverage.messageMapper.fieldMapper.tran.FormMapper"
"SAPInterfaces/src/com/olf/jm/coverage/messageValidator/fieldValidator/CoverageBusinessUnitCodeValidator.java",7,"SAPInterfaces.com.olf.jm.coverage.messageValidator.fieldValidator.CoverageBusinessUnitCodeValidator"
"SAPInterfaces/src/com/olf/jm/coverage/businessObjects/CoverageTrade.java",7,"SAPInterfaces.com.olf.jm.coverage.businessObjects.CoverageTrade"
"SAPInterfaces/src/com/olf/jm/coverage/businessObjects/dataFactories/CoverageDataFactory.java",7,"SAPInterfaces.com.olf.jm.coverage.businessObjects.dataFactories.CoverageDataFactory"
"SAPInterfaces/src/com/olf/jm/coverage/messageValidator/fieldValidator/CoverageDealInstructionValidator.java",7,"SAPInterfaces.com.olf.jm.coverage.messageValidator.fieldValidator.CoverageDealInstructionValidator"
"SAPInterfaces/src/com/olf/jm/SapInterface/messageValidator/fieldValidator/FieldValidatorBase.java",7,"SAPInterfaces.com.olf.jm.SapInterface.messageValidator.fieldValidator.FieldValidatorBase"
"SAPInterfaces/src/com/olf/jm/coverage/messageMapper/fieldMapper/leg/MaturityDateMapper.java",7,"SAPInterfaces.com.olf.jm.coverage.messageMapper.fieldMapper.leg.MaturityDateMapper"
"SAPInterfaces/src/com/olf/jm/sapTransfer/strategy/IStrategyBooker.java",7,"SAPInterfaces.com.olf.jm.sapTransfer.strategy.IStrategyBooker"
"SAPInterfaces/src/com/olf/jm/coverage/messageValidator/fieldValidator/UOMValidator.java",7,"SAPInterfaces.com.olf.jm.coverage.messageValidator.fieldValidator.UOMValidator"
"SAPInterfaces/src/com/olf/jm/coverage/businessObjects/dataFactories/CoverageSapTemplateData.java",7,"SAPInterfaces.com.olf.jm.coverage.businessObjects.dataFactories.CoverageSapTemplateData"
"SAPInterfaces/src/com/olf/jm/SapInterface/messageMapper/TradeBuilderMapperBase.java",7,"SAPInterfaces.com.olf.jm.SapInterface.messageMapper.TradeBuilderMapperBase"
"SAPInterfaces/src/com/olf/jm/sapTransfer/messageValidator/fieldValidator/TradingDeskIdValidator.java",7,"SAPInterfaces.com.olf.jm.sapTransfer.messageValidator.fieldValidator.TradingDeskIdValidator"
"SAPInterfaces/src/com/olf/jm/coverage/messageMapper/fieldMapper/tran/SIPhysTranMapper.java",7,"SAPInterfaces.com.olf.jm.coverage.messageMapper.fieldMapper.tran.SIPhysTranMapper"
"SAPInterfaces/src/com/olf/jm/sapTransfer/businessObjects/TransferDataFactory.java",7,"SAPInterfaces.com.olf.jm.sapTransfer.businessObjects.TransferDataFactory"
"SAPInterfaces/src/com/olf/jm/coverage/businessObjects/dataFactories/CoverageSapPartyData.java",7,"SAPInterfaces.com.olf.jm.coverage.businessObjects.dataFactories.CoverageSapPartyData"
"SAPInterfaces/src/com/olf/jm/coverage/messageMapper/CoverageTradeBuilderMapper.java",7,"SAPInterfaces.com.olf.jm.coverage.messageMapper.CoverageTradeBuilderMapper"
"SAPInterfaces/src/com/olf/jm/coverage/messageValidator/fieldValidator/CoverageMetalElementValidator.java",7,"SAPInterfaces.com.olf.jm.coverage.messageValidator.fieldValidator.CoverageMetalElementValidator"
"SAPInterfaces/src/com/olf/jm/coverage/messageValidator/fieldValidator/ValueDate.java",7,"SAPInterfaces.com.olf.jm.coverage.messageValidator.fieldValidator.ValueDate"
"SAPInterfaces/src/com/olf/jm/coverage/messageMapper/fieldMapper/tran/PriceUnitMapper.java",7,"SAPInterfaces.com.olf.jm.coverage.messageMapper.fieldMapper.tran.PriceUnitMapper"
"SAPInterfaces/src/com/olf/jm/sapTransfer/messageMapper/fieldMapper/tran/ReferenceMapper.java",7,"SAPInterfaces.com.olf.jm.sapTransfer.messageMapper.fieldMapper.tran.ReferenceMapper"
"SAPInterfaces/src/com/olf/jm/sapTransfer/messageMapper/fieldMapper/auxData/TransferAuxData.java",7,"SAPInterfaces.com.olf.jm.sapTransfer.messageMapper.fieldMapper.auxData.TransferAuxData"
"SAPInterfaces/src/com/olf/jm/coverage/messageMapper/fieldMapper/tran/SAPCounterpartyMapper.java",7,"SAPInterfaces.com.olf.jm.coverage.messageMapper.fieldMapper.tran.SAPCounterpartyMapper"
"SAPInterfaces/src/com/olf/jm/coverage/messageValidator/fieldValidator/InstrumentIdValidator.java",7,"SAPInterfaces.com.olf.jm.coverage.messageValidator.fieldValidator.InstrumentIdValidator"
"SAPInterfaces/src/com/olf/jm/SapInterface/messageMapper/RefMapping/IRefMapManager.java",7,"SAPInterfaces.com.olf.jm.SapInterface.messageMapper.RefMapping.IRefMapManager"
"SAPInterfaces/src/com/olf/jm/sapTransfer/messageMapper/fieldMapper/tran/AccountMapper.java",7,"SAPInterfaces.com.olf.jm.sapTransfer.messageMapper.fieldMapper.tran.AccountMapper"
"SAPInterfaces/src/com/olf/jm/coverage/messageMapper/fieldMapper/auxData/CoverageAuxData.java",7,"SAPInterfaces.com.olf.jm.coverage.messageMapper.fieldMapper.auxData.CoverageAuxData"
"SAPInterfaces/src/com/olf/jm/coverage/messageValidator/fieldValidator/QuotationRefValidator.java",7,"SAPInterfaces.com.olf.jm.coverage.messageValidator.fieldValidator.QuotationRefValidator"
"SAPInterfaces/src/com/olf/jm/sapTransfer/messageMapper/fieldMapper/tran/SettleDateMapper.java",7,"SAPInterfaces.com.olf.jm.sapTransfer.messageMapper.fieldMapper.tran.SettleDateMapper"
"SAPInterfaces/src/com/olf/jm/SapInterface/messageMapper/fieldMapper/tran/IntBUMapper.java",7,"SAPInterfaces.com.olf.jm.SapInterface.messageMapper.fieldMapper.tran.IntBUMapper"
"SAPInterfaces/src/com/olf/jm/SapInterface/messageValidator/fieldValidator/IFieldValidator.java",7,"SAPInterfaces.com.olf.jm.SapInterface.messageValidator.fieldValidator.IFieldValidator"
"SAPInterfaces/src/com/olf/jm/sapTransfer/messageValidator/TransferValidator.java",7,"SAPInterfaces.com.olf.jm.sapTransfer.messageValidator.TransferValidator"
"SAPInterfaces/src/com/olf/jm/SapInterface/messageMapper/fieldMapper/template/ITemplateNameMapper.java",7,"SAPInterfaces.com.olf.jm.SapInterface.messageMapper.fieldMapper.template.ITemplateNameMapper"
"SAPInterfaces/src/com/olf/jm/coverage/messageMapper/fieldMapper/tran/TradeDateMapper.java",7,"SAPInterfaces.com.olf.jm.coverage.messageMapper.fieldMapper.tran.TradeDateMapper"
"SAPInterfaces/src/com/olf/jm/coverage/businessObjects/enums/EnumSapCoverageRequest.java",7,"SAPInterfaces.com.olf.jm.coverage.businessObjects.enums.EnumSapCoverageRequest"
"SAPInterfaces/src/com/olf/jm/SapInterface/messageMapper/fieldMapper/tran/IntPortfolioMapper.java",7,"SAPInterfaces.com.olf.jm.SapInterface.messageMapper.fieldMapper.tran.IntPortfolioMapper"
"SAPInterfaces/src/com/olf/jm/coverage/messageMapper/CoverageFieldMapperFactory.java",7,"SAPInterfaces.com.olf.jm.coverage.messageMapper.CoverageFieldMapperFactory"
"SAPInterfaces/src/com/olf/jm/sapTransfer/StrategyTradeProcess.java",7,"SAPInterfaces.com.olf.jm.sapTransfer.StrategyTradeProcess",13
"SAPInterfaces/src/com/olf/jm/coverage/CoverageRequest.java",7,"SAPInterfaces.com.olf.jm.coverage.CoverageRequest",13
"SAPInterfaces/src/com/olf/jm/sapTransfer/messageValidator/fieldValidator/ApprovalDateValidator.java",7,"SAPInterfaces.com.olf.jm.sapTransfer.messageValidator.fieldValidator.ApprovalDateValidator"
"SAPInterfaces/src/com/olf/jm/coverage/messageValidator/fieldValidator/ContractDate.java",7,"SAPInterfaces.com.olf.jm.coverage.messageValidator.fieldValidator.ContractDate"
"SAPInterfaces/src/com/olf/jm/sapTransfer/messageMapper/fieldMapper/tran/UnitMapper.java",7,"SAPInterfaces.com.olf.jm.sapTransfer.messageMapper.fieldMapper.tran.UnitMapper"
"SAPInterfaces/src/com/olf/jm/sapTransfer/messageMapper/fieldMapper/tran/ChargesMapper.java",7,"SAPInterfaces.com.olf.jm.sapTransfer.messageMapper.fieldMapper.tran.ChargesMapper"
"SAPInterfaces/src/com/olf/jm/coverage/messageMapper/fieldMapper/tran/BuySellMapper.java",7,"SAPInterfaces.com.olf.jm.coverage.messageMapper.fieldMapper.tran.BuySellMapper"
"SAPInterfaces/src/com/olf/jm/sapTransfer/messageMapper/fieldMapper/template/TransferTemplateMapper.java",7,"SAPInterfaces.com.olf.jm.sapTransfer.messageMapper.fieldMapper.template.TransferTemplateMapper"
"SAPInterfaces/src/com/olf/jm/coverage/messageMapper/fieldMapper/tran/FXDateMapper.java",7,"SAPInterfaces.com.olf.jm.coverage.messageMapper.fieldMapper.tran.FXDateMapper"
"SAPInterfaces/src/com/olf/jm/SapInterface/messageMapper/IMessageMapper.java",7,"SAPInterfaces.com.olf.jm.SapInterface.messageMapper.IMessageMapper"
"SAPInterfaces/src/com/olf/jm/sapTransfer/messageValidator/fieldValidator/ValueDateValidator.java",7,"SAPInterfaces.com.olf.jm.sapTransfer.messageValidator.fieldValidator.ValueDateValidator"
"SAPInterfaces/src/com/olf/jm/coverage/messageMapper/fieldMapper/tran/FXBaseCurrencyUnitMapper.java",7,"SAPInterfaces.com.olf.jm.coverage.messageMapper.fieldMapper.tran.FXBaseCurrencyUnitMapper"
"SAPInterfaces/src/com/olf/jm/SapInterface/messageMapper/fieldMapper/IFieldMapper.java",7,"SAPInterfaces.com.olf.jm.SapInterface.messageMapper.fieldMapper.IFieldMapper"
"SAPInterfaces/src/com/olf/jm/coverage/messageValidator/CoverageValidator.java",7,"SAPInterfaces.com.olf.jm.coverage.messageValidator.CoverageValidator"
"SAPInterfaces/src/com/olf/jm/coverage/messageValidator/fieldValidator/TimeCodeValidator.java",7,"SAPInterfaces.com.olf.jm.coverage.messageValidator.fieldValidator.TimeCodeValidator"
"SAPInterfaces/src/com/olf/jm/coverage/messageMapper/fieldMapper/tran/SAPUserMapper.java",7,"SAPInterfaces.com.olf.jm.coverage.messageMapper.fieldMapper.tran.SAPUserMapper"
"SAPInterfaces/src/com/olf/jm/SapInterface/messageValidator/ValidatorException.java",7,"SAPInterfaces.com.olf.jm.SapInterface.messageValidator.ValidatorException"
"SAPInterfaces/src/com/olf/jm/coverage/messageProcessor/CoverageProcessor.java",7,"SAPInterfaces.com.olf.jm.coverage.messageProcessor.CoverageProcessor"
"SAPInterfaces/src/com/olf/jm/SapInterface/messageMapper/fieldMapper/FieldMapperBase.java",7,"SAPInterfaces.com.olf.jm.SapInterface.messageMapper.fieldMapper.FieldMapperBase"
"SAPInterfaces/src/com/olf/jm/sapTransfer/messageMapper/fieldMapper/tran/MetalTransferRequestNumberMapper.java",7,"SAPInterfaces.com.olf.jm.sapTransfer.messageMapper.fieldMapper.tran.MetalTransferRequestNumberMapper"
"SAPInterfaces/src/com/olf/jm/sapTransfer/strategy/StrategyBookingException.java",7,"SAPInterfaces.com.olf.jm.sapTransfer.strategy.StrategyBookingException"
"SAPInterfaces/src/com/olf/jm/sapTransfer/messageMapper/fieldMapper/tran/LocoMapper.java",7,"SAPInterfaces.com.olf.jm.sapTransfer.messageMapper.fieldMapper.tran.LocoMapper"
"SAPInterfaces/src/com/olf/jm/sapTransfer/messageMapper/fieldMapper/tran/InstrumentTypeMapper.java",7,"SAPInterfaces.com.olf.jm.sapTransfer.messageMapper.fieldMapper.tran.InstrumentTypeMapper"
"SAPInterfaces/src/com/olf/jm/coverage/messageMapper/fieldMapper/tran/FXDealtAmountMapper.java",7,"SAPInterfaces.com.olf.jm.coverage.messageMapper.fieldMapper.tran.FXDealtAmountMapper"
"SAPInterfaces/src/com/olf/jm/coverage/messageMapper/fieldMapper/tran/IsCoverageMapper.java",7,"SAPInterfaces.com.olf.jm.coverage.messageMapper.fieldMapper.tran.IsCoverageMapper"
"SAPInterfaces/src/com/olf/jm/sapTransfer/messageMapper/fieldMapper/tran/ForceVatMapper.java",7,"SAPInterfaces.com.olf.jm.sapTransfer.messageMapper.fieldMapper.tran.ForceVatMapper"
"SAPInterfaces/src/com/olf/jm/SapInterface/messageMapper/fieldMapper/FieldMappingException.java",7,"SAPInterfaces.com.olf.jm.SapInterface.messageMapper.fieldMapper.FieldMappingException"
"SAPInterfaces/src/com/olf/jm/coverage/businessObjects/CoverageRequestException.java",7,"SAPInterfaces.com.olf.jm.coverage.businessObjects.CoverageRequestException"
"SAPInterfaces/src/com/olf/jm/coverage/messageMapper/fieldMapper/template/CoverageTemplateMapper.java",7,"SAPInterfaces.com.olf.jm.coverage.messageMapper.fieldMapper.template.CoverageTemplateMapper"
"SAPInterfaces/src/com/olf/jm/sapTransfer/businessObjects/TransferSAPTemplateData.java",7,"SAPInterfaces.com.olf.jm.sapTransfer.businessObjects.TransferSAPTemplateData"
"SAPInterfaces/src/com/olf/jm/coverage/messageMapper/fieldMapper/leg/StartDateMapper.java",7,"SAPInterfaces.com.olf.jm.coverage.messageMapper.fieldMapper.leg.StartDateMapper"
"SAPInterfaces/src/com/olf/jm/coverage/businessObjects/ICoverageTrade.java",7,"SAPInterfaces.com.olf.jm.coverage.businessObjects.ICoverageTrade"
"SAPInterfaces/src/com/olf/jm/coverage/messageValidator/fieldValidator/TradingDeskIdValidator.java",7,"SAPInterfaces.com.olf.jm.coverage.messageValidator.fieldValidator.TradingDeskIdValidator"
"SAPInterfaces/src/com/olf/jm/SapInterface/messageValidator/IMessageValidator.java",7,"SAPInterfaces.com.olf.jm.SapInterface.messageValidator.IMessageValidator"
"SAPInterfaces/src/com/olf/jm/SapInterface/messageMapper/IAuxDataMapper.java",7,"SAPInterfaces.com.olf.jm.SapInterface.messageMapper.IAuxDataMapper"
"SAPInterfaces/src/com/olf/jm/sapTransfer/messageProcessor/TransferProcessor.java",7,"SAPInterfaces.com.olf.jm.sapTransfer.messageProcessor.TransferProcessor"
"SAPInterfaces/src/com/olf/jm/sapTransfer/messageMapper/fieldMapper/tran/StartDateMapper.java",7,"SAPInterfaces.com.olf.jm.sapTransfer.messageMapper.fieldMapper.tran.StartDateMapper"
"SAPInterfaces/src/com/olf/jm/coverage/messageValidator/fieldValidator/PriceValidator.java",7,"SAPInterfaces.com.olf.jm.coverage.messageValidator.fieldValidator.PriceValidator"
"SAPInterfaces/src/com/olf/jm/sapTransfer/strategy/StrategyBooker.java",7,"SAPInterfaces.com.olf.jm.sapTransfer.strategy.StrategyBooker"
"SAPInterfaces/src/com/olf/jm/sapTransfer/messageMapper/fieldMapper/tran/EnumStrategyInfoFields.java",7,"SAPInterfaces.com.olf.jm.sapTransfer.messageMapper.fieldMapper.tran.EnumStrategyInfoFields"
"SAPInterfaces/src/com/olf/jm/sapTransfer/businessObjects/TransferSAPPartyData.java",7,"SAPInterfaces.com.olf.jm.sapTransfer.businessObjects.TransferSAPPartyData"
"SAPInterfaces/src/com/olf/jm/coverage/messageMapper/fieldMapper/tran/TradeStatusMapper.java",7,"SAPInterfaces.com.olf.jm.coverage.messageMapper.fieldMapper.tran.TradeStatusMapper"
"SAPInterfaces/src/com/olf/jm/SapInterface/messageMapper/fieldMapper/tran/IntLEMapper.java",7,"SAPInterfaces.com.olf.jm.SapInterface.messageMapper.fieldMapper.tran.IntLEMapper"
"SAPInterfaces/src/com/olf/jm/sapTransfer/businessObjects/ITransferDataFactory.java",7,"SAPInterfaces.com.olf.jm.sapTransfer.businessObjects.ITransferDataFactory"
"SAPInterfaces/src/com/olf/jm/SapInterface/messageProcessor/MessageProcessorBase.java",7,"SAPInterfaces.com.olf.jm.SapInterface.messageProcessor.MessageProcessorBase"
"SAPInterfaces/src/com/olf/jm/coverage/messageMapper/fieldMapper/leg/NotionalMapper.java",7,"SAPInterfaces.com.olf.jm.coverage.messageMapper.fieldMapper.leg.NotionalMapper"
"SAPInterfaces/src/com/olf/jm/coverage/messageMapper/fieldMapper/tran/AutoSIShortlistTranMapper.java",7,"SAPInterfaces.com.olf.jm.coverage.messageMapper.fieldMapper.tran.AutoSIShortlistTranMapper"
"SAPInterfaces/src/com/olf/jm/coverage/messageMapper/fieldMapper/tran/FXCounterAmountMapper.java",7,"SAPInterfaces.com.olf.jm.coverage.messageMapper.fieldMapper.tran.FXCounterAmountMapper"
"SAPInterfaces/src/com/olf/jm/SapInterface/messageValidator/ValidatorBase.java",7,"SAPInterfaces.com.olf.jm.SapInterface.messageValidator.ValidatorBase"
"SAPInterfaces/src/com/olf/jm/sapTransfer/messageMapper/fieldMapper/tran/ToolSetMapper.java",7,"SAPInterfaces.com.olf.jm.sapTransfer.messageMapper.fieldMapper.tran.ToolSetMapper"
"SAPInterfaces/src/com/olf/jm/sapTransfer/businessObjects/enums/EnumTransferAuxSubTables.java",7,"SAPInterfaces.com.olf.jm.sapTransfer.businessObjects.enums.EnumTransferAuxSubTables"
"SAPInterfaces/src/com/olf/jm/coverage/messageMapper/fieldMapper/tran/LocoMapper.java",7,"SAPInterfaces.com.olf.jm.coverage.messageMapper.fieldMapper.tran.LocoMapper"
"SAPInterfaces/src/com/olf/jm/sapTransfer/messageMapper/fieldMapper/tran/TradeStatusMapper.java",7,"SAPInterfaces.com.olf.jm.sapTransfer.messageMapper.fieldMapper.tran.TradeStatusMapper"
"SAPInterfaces/src/com/olf/jm/SapInterface/messageMapper/IFieldMapperFactory.java",7,"SAPInterfaces.com.olf.jm.SapInterface.messageMapper.IFieldMapperFactory"
"SAPInterfaces/src/com/olf/jm/sapTransfer/businessObjects/enums/EnumSapTransferRequest.java",7,"SAPInterfaces.com.olf.jm.sapTransfer.businessObjects.enums.EnumSapTransferRequest"
"SAPInterfaces/src/com/olf/jm/coverage/messageMapper/fieldMapper/leg/IndexMapper.java",7,"SAPInterfaces.com.olf.jm.coverage.messageMapper.fieldMapper.leg.IndexMapper"
"SAPInterfaces/src/com/olf/jm/sapTransfer/messageValidator/fieldValidator/MetalTransferRequestNumberValidator.java",7,"SAPInterfaces.com.olf.jm.sapTransfer.messageValidator.fieldValidator.MetalTransferRequestNumberValidator"
"SAPInterfaces/src/com/olf/jm/sapTransfer/messageValidator/fieldValidator/TransferMetalElementValidator.java",7,"SAPInterfaces.com.olf.jm.sapTransfer.messageValidator.fieldValidator.TransferMetalElementValidator"
"SAPInterfaces/src/com/olf/jm/sapTransfer/messageMapper/fieldMapper/tran/TransactionDateMapper.java",7,"SAPInterfaces.com.olf.jm.sapTransfer.messageMapper.fieldMapper.tran.TransactionDateMapper"
"SAPInterfaces/src/com/olf/jm/coverage/messageMapper/fieldMapper/resetDef/RefSourceMapper.java",7,"SAPInterfaces.com.olf.jm.coverage.messageMapper.fieldMapper.resetDef.RefSourceMapper"
"SAPInterfaces/src/com/olf/jm/sapTransfer/messageMapper/fieldMapper/tran/EndDateMapper.java",7,"SAPInterfaces.com.olf.jm.sapTransfer.messageMapper.fieldMapper.tran.EndDateMapper"
"SAPInterfaces/src/com/olf/jm/coverage/messageMapper/fieldMapper/tran/DealTrackingNumberMapper.java",7,"SAPInterfaces.com.olf.jm.coverage.messageMapper.fieldMapper.tran.DealTrackingNumberMapper"
"SAPInterfaces/src/com/olf/jm/coverage/messageMapper/fieldMapper/leg/VolumeUnitMapper.java",7,"SAPInterfaces.com.olf.jm.coverage.messageMapper.fieldMapper.leg.VolumeUnitMapper"
"SAPInterfaces/src/com/olf/jm/sapTransfer/strategy/StrategyValidationException.java",7,"SAPInterfaces.com.olf.jm.sapTransfer.strategy.StrategyValidationException"
"SAPInterfaces/src/com/olf/jm/coverage/messageValidator/fieldValidator/BuySellFlagValidator.java",7,"SAPInterfaces.com.olf.jm.coverage.messageValidator.fieldValidator.BuySellFlagValidator"
"SAPInterfaces/src/com/olf/jm/SapInterface/messageValidator/SqlInjectionFilter.java",7,"SAPInterfaces.com.olf.jm.SapInterface.messageValidator.SqlInjectionFilter"
"SAPInterfaces/src/com/olf/jm/SapInterface/messageValidator/SqlInjectionException.java",7,"SAPInterfaces.com.olf.jm.SapInterface.messageValidator.SqlInjectionException"
