"SCBO_ConfAndInv",29,""
"jproject_classpath",8,"SCBO_ConfAndInv/jproject.classpath"
"SCBO_ConfAndInv/src/com/openlink/esp/confandinv/addon/app/bridge/OLI_MOD_BlotterData.java",33,"SCBO_ConfAndInv.com.openlink.esp.confandinv.addon.app.bridge.OLI_MOD_BlotterData",141
"SCBO_ConfAndInv/src/com/openlink/esp/confandinv/addon/app/bridge/OLI_MOD_DocInfoFields.java",33,"SCBO_ConfAndInv.com.openlink.esp.confandinv.addon.app.bridge.OLI_MOD_DocInfoFields",141
"SCBO_ConfAndInv/src/com/openlink/esp/confandinv/addon/app/bridge/OLI_MOD_IndexInfoFields.java",33,"SCBO_ConfAndInv.com.openlink.esp.confandinv.addon.app.bridge.OLI_MOD_IndexInfoFields",141
"SCBO_ConfAndInv/src/com/openlink/esp/confandinv/addon/app/bridge/OLI_MOD_PartyInfoFields.java",33,"SCBO_ConfAndInv.com.openlink.esp.confandinv.addon.app.bridge.OLI_MOD_PartyInfoFields",141
"SCBO_ConfAndInv/src/com/openlink/esp/confandinv/addon/app/bridge/OLI_MOD_TranInfoFields.java",33,"SCBO_ConfAndInv.com.openlink.esp.confandinv.addon.app.bridge.OLI_MOD_TranInfoFields",141
"SCBO_ConfAndInv/src/com/openlink/esp/confandinv/generic/app/bridge/OLI_MOD_AgreemInfo.java",33,"SCBO_ConfAndInv.com.openlink.esp.confandinv.generic.app.bridge.OLI_MOD_AgreemInfo",141
"SCBO_ConfAndInv/src/com/openlink/esp/confandinv/generic/app/bridge/OLI_MOD_FixFloat.java",33,"SCBO_ConfAndInv.com.openlink.esp.confandinv.generic.app.bridge.OLI_MOD_FixFloat",141
"SCBO_ConfAndInv/src/com/openlink/esp/confandinv/generic/app/bridge/OLI_MOD_Generic.java",33,"SCBO_ConfAndInv.com.openlink.esp.confandinv.generic.app.bridge.OLI_MOD_Generic",141
"SCBO_ConfAndInv/src/com/openlink/esp/confandinv/generic/app/bridge/OLI_MOD_PartyData.java",33,"SCBO_ConfAndInv.com.openlink.esp.confandinv.generic.app.bridge.OLI_MOD_PartyData",141
"SCBO_ConfAndInv/src/com/openlink/esp/confandinv/generic/app/bridge/OLI_MOD_SettleInfo.java",33,"SCBO_ConfAndInv.com.openlink.esp.confandinv.generic.app.bridge.OLI_MOD_SettleInfo",141
"SCBO_ConfAndInv/src/com/openlink/esp/confandinv/invoices/app/bridge/OLI_DL_Netting.java",33,"SCBO_ConfAndInv.com.openlink.esp.confandinv.invoices.app.bridge.OLI_DL_Netting",12
"SCBO_ConfAndInv/src/com/openlink/esp/confandinv/invoices/app/bridge/OLI_GEN_Invoice.java",33,"SCBO_ConfAndInv.com.openlink.esp.confandinv.invoices.app.bridge.OLI_GEN_Invoice",10
"SCBO_ConfAndInv/src/com/openlink/esp/confandinv/invoices/app/bridge/OLI_GEN_Netting.java",33,"SCBO_ConfAndInv.com.openlink.esp.confandinv.invoices.app.bridge.OLI_GEN_Netting",10
"SCBO_ConfAndInv/src/com/openlink/esp/confandinv/invoices/app/bridge/OLI_MOD_Netting.java",33,"SCBO_ConfAndInv.com.openlink.esp.confandinv.invoices.app.bridge.OLI_MOD_Netting",141
"SCBO_ConfAndInv/src/com/openlink/esp/confandinv/options/app/bridge/OLI_MOD_Options.java",33,"SCBO_ConfAndInv.com.openlink.esp.confandinv.options.app.bridge.OLI_MOD_Options",141
"SCBO_ConfAndInv/src/com/openlink/esp/confandinv/power/app/bridge/OLI_MOD_Power.java",33,"SCBO_ConfAndInv.com.openlink.esp.confandinv.power.app.bridge.OLI_MOD_Power",141
"SCBO_ConfAndInv/src/com/openlink/esp/confandinv/taxes/app/bridge/OLI_BO_SaveTaxData.java",33,"SCBO_ConfAndInv.com.openlink.esp.confandinv.taxes.app.bridge.OLI_BO_SaveTaxData"
"SCBO_ConfAndInv/src/com/openlink/esp/confandinv/taxes/app/bridge/OLI_MOD_SettleTaxData.java",33,"SCBO_ConfAndInv.com.openlink.esp.confandinv.taxes.app.bridge.OLI_MOD_SettleTaxData",141
"SCBO_ConfAndInv/src/com/openlink/esp/confandinv/taxes/app/bridge/OLI_MOD_Taxes.java",33,"SCBO_ConfAndInv.com.openlink.esp.confandinv.taxes.app.bridge.OLI_MOD_Taxes",141
"SCBO_ConfAndInv/src/com/openlink/esp/confandinv/taxes/app/bridge/OLI_OpsPost_SaveTaxData.java",33,"SCBO_ConfAndInv.com.openlink.esp.confandinv.taxes.app.bridge.OLI_OpsPost_SaveTaxData",19
"SCBO_ConfAndInv/src/com/openlink/esp/confandinv/taxes/app/bridge/OLI_OpsPre_TaxTypeDetermination.java",33,"SCBO_ConfAndInv.com.openlink.esp.confandinv.taxes.app.bridge.OLI_OpsPre_TaxTypeDetermination",19
"SCBO_ConfAndInv/src/com/openlink/sc/bo/docproc/bridge/OLI_MOD_PricingDetails.java",33,"SCBO_ConfAndInv.com.openlink.sc.bo.docproc.bridge.OLI_MOD_PricingDetails",141
"SCBO_ConfAndInv/src/com/openlink/sc/bo/docproc/bridge/OLI_MOD_MetalTransfer.java",33,"SCBO_ConfAndInv.com.openlink.sc.bo.docproc.bridge.OLI_MOD_MetalTransfer",141
"SCBO_ConfAndInv/src/com/openlink/sc/bo/docproc/bridge/OLI_MOD_MetalSettle.java",33,"SCBO_ConfAndInv.com.openlink.sc.bo.docproc.bridge.OLI_MOD_MetalSettle",141
"SCBO_ConfAndInv/src/com/openlink/sc/bo/docproc/bridge/OLI_DL_MetalAccount.java",33,"SCBO_ConfAndInv.com.openlink.sc.bo.docproc.bridge.OLI_DL_MetalAccount",12
"SCBO_ConfAndInv/src/com/openlink/esp/confandinv/commodity/app/bridge/OLI_MOD_Commodity.java",33,"SCBO_ConfAndInv.com.openlink.esp.confandinv.commodity.app.bridge.OLI_MOD_Commodity",141
"SCBO_ConfAndInv/src/com/openlink/sc/bo/docproc/bridge/OLI_MOD_FXSwap.java",33,"SCBO_ConfAndInv.com.openlink.sc.bo.docproc.bridge.OLI_MOD_FXSwap",141
"SCBO_ConfAndInv/src/com/openlink/sc/bo/docproc/JM_MOD_MetalSettle.java",33,"SCBO_ConfAndInv.com.openlink.sc.bo.docproc.JM_MOD_MetalSettle",141
"SCBO_ConfAndInv/src/com/openlink/sc/bo/docproc/OLI_MOD_MetalTransfer.java",33,"SCBO_ConfAndInv.com.openlink.sc.bo.docproc.OLI_MOD_MetalTransfer",141
"SCBO_ConfAndInv/src/com/openlink/esp/confandinv/taxes/app/bridge/JM_MOD_Taxes.java",33,"SCBO_ConfAndInv.com.openlink.esp.confandinv.taxes.app.bridge.JM_MOD_Taxes",141
