"standard",29,""
"jproject_classpath",8,"standard/jproject.classpath"
"standard/src/standard/report/STD_GreeksQueryByPfolio_Param.java",33,"standard.standard.report.STD_GreeksQueryByPfolio_Param"
"standard/src/standard/report/STD_Business_Unit_Param.java",33,"standard.standard.report.STD_Business_Unit_Param"
"standard/src/standard/report/STD_Business_Unit_Param_Mature.java",33,"standard.standard.report.STD_Business_Unit_Param_Mature"
"standard/src/standard/report/STD_Cancelled_Trade_Listing.java",33,"standard.standard.report.STD_Cancelled_Trade_Listing"
"standard/src/standard/report/STD_Deleted_Trade_Listing.java",33,"standard.standard.report.STD_Deleted_Trade_Listing"
"standard/src/standard/report/STD_Entered_Trade_Listing.java",33,"standard.standard.report.STD_Entered_Trade_Listing"
"standard/src/standard/report/STD_Missed_Validations.java",33,"standard.standard.report.STD_Missed_Validations"
"standard/src/standard/report/STD_Matured_Trade_Listing.java",33,"standard.standard.report.STD_Matured_Trade_Listing"
"standard/src/standard/process/STD_Historical_Price_Refixing_P.java",33,"standard.standard.process.STD_Historical_Price_Refixing_P"
"standard/src/standard/report/STD_Missing_Reset.java",33,"standard.standard.report.STD_Missing_Reset"
"standard/src/standard/report/STD_SavedQueryParam.java",33,"standard.standard.report.STD_SavedQueryParam"
"standard/src/standard/report/STD_SavedQueryParam_Fixing.java",33,"standard.standard.report.STD_SavedQueryParam_Fixing"
"standard/src/standard/report/STD_SavedQueryParam_Mature.java",33,"standard.standard.report.STD_SavedQueryParam_Mature"
"standard/src/standard/report/STD_Start_End_BUnit_Param.java",33,"standard.standard.report.STD_Start_End_BUnit_Param"
"standard/src/standard/report/STD_Amended_Trade_Listing.java",33,"standard.standard.report.STD_Amended_Trade_Listing"
"standard/src/standard/process/STD_EOD_ResetDealsByQid.java",33,"standard.standard.process.STD_EOD_ResetDealsByQid"
"standard/src/standard/process/STD_Historical_Price_Refixing.java",33,"standard.standard.process.STD_Historical_Price_Refixing"
"standard/src/standard/process/STD_EOD_Mature_Trades.java",33,"standard.standard.process.STD_EOD_Mature_Trades"
"standard/src/standard/process/STD_Batch_Simulation_Param.java",33,"standard.standard.process.STD_Batch_Simulation_Param"
"standard/src/standard/report/STD_Start_End_BUnit_Param_Mature.java",33,"standard.standard.report.STD_Start_End_BUnit_Param_Mature"
"standard/src/standard/process/STD_Batch_Simulation_EOD_Closeout_Param.java",33,"standard.standard.process.STD_Batch_Simulation_EOD_Closeout_Param"
"standard/src/standard/process/JM_Adhoc_UnMature_Trades.java",33,"standard.standard.process.JM_Adhoc_UnMature_Trades"
